<?xml version="1.0" encoding="utf-8"?>
<CoverageSession xmlns:xsd="http://www.w3.org/2001/XMLSchema" xmlns:xsi="http://www.w3.org/2001/XMLSchema-instance" Version="4.7.922.0">
  <Summary numSequencePoints="107" visitedSequencePoints="64" numBranchPoints="49" visitedBranchPoints="27" sequenceCoverage="59.81" branchCoverage="55.10" maxCyclomaticComplexity="7" minCyclomaticComplexity="0" maxCrapScore="56" minCrapScore="0" visitedClasses="4" numClasses="12" visitedMethods="13" numMethods="21" />
  <Modules>
    <Module skippedDueTo="Filter" hash="5C-98-6E-F1-1D-9E-FB-C0-3B-F1-F3-81-E2-BB-F1-4F-1F-DE-5D-F8">
      <ModulePath>C:\Windows\Microsoft.Net\assembly\GAC_64\mscorlib\v4.0_4.0.0.0__b77a5c561934e089\mscorlib.dll</ModulePath>
      <ModuleTime>2022-12-14T07:11:45.6067895Z</ModuleTime>
      <ModuleName>mscorlib</ModuleName>
      <Classes />
    </Module>
    <Module skippedDueTo="MissingPdb" hash="2E-D1-BC-E8-F8-CB-58-1F-3F-94-F4-CB-5E-75-9F-4E-D8-0E-B1-50">
      <ModulePath>C:\GitLab-Runner\builds\t8316\personal\lianhengyu\mvc\packages\NUnit.ConsoleRunner.3.16.3\tools\nunit3-console.exe</ModulePath>
      <ModuleTime>2023-02-21T00:47:04Z</ModuleTime>
      <ModuleName>nunit3-console</ModuleName>
      <Classes />
    </Module>
    <Module skippedDueTo="Filter" hash="95-98-3E-25-CB-49-13-AB-08-EF-D1-7B-C7-AC-18-CB-08-26-96-73">
      <ModulePath>C:\Windows\Microsoft.Net\assembly\GAC_MSIL\System\v4.0_4.0.0.0__b77a5c561934e089\System.dll</ModulePath>
      <ModuleTime>2022-12-14T07:20:36Z</ModuleTime>
      <ModuleName>System</ModuleName>
      <Classes />
    </Module>
    <Module skippedDueTo="MissingPdb" hash="A8-22-AF-E8-71-B7-BB-BC-5A-9F-18-0F-27-08-2E-92-79-B5-86-67">
      <ModulePath>C:\GitLab-Runner\builds\t8316\personal\lianhengyu\mvc\packages\NUnit.ConsoleRunner.3.16.3\tools\nunit.engine.api.dll</ModulePath>
      <ModuleTime>2023-02-21T00:47:00Z</ModuleTime>
      <ModuleName>nunit.engine.api</ModuleName>
      <Classes />
    </Module>
    <Module skippedDueTo="MissingPdb" hash="AF-4F-01-6C-CB-5B-DC-53-4F-F3-D3-53-02-AE-6F-43-8E-A1-E4-70">
      <ModulePath>C:\GitLab-Runner\builds\t8316\personal\lianhengyu\mvc\packages\NUnit.ConsoleRunner.3.16.3\tools\nunit.engine.dll</ModulePath>
      <ModuleTime>2023-02-21T00:47:02Z</ModuleTime>
      <ModuleName>nunit.engine</ModuleName>
      <Classes />
    </Module>
    <Module skippedDueTo="MissingPdb" hash="AF-4F-01-6C-CB-5B-DC-53-4F-F3-D3-53-02-AE-6F-43-8E-A1-E4-70">
      <ModulePath>C:\GitLab-Runner\builds\t8316\personal\lianhengyu\mvc\packages\NUnit.ConsoleRunner.3.16.3\tools\nunit.engine.dll</ModulePath>
      <ModuleTime>2023-02-21T00:47:02Z</ModuleTime>
      <ModuleName>nunit.engine</ModuleName>
      <Classes />
    </Module>
    <Module skippedDueTo="MissingPdb" hash="F8-64-60-70-B2-24-23-1B-4C-2F-94-D1-68-E8-3E-1A-6F-B9-8A-A7">
      <ModulePath>C:\GitLab-Runner\builds\t8316\personal\lianhengyu\mvc\packages\NUnit.ConsoleRunner.3.16.3\tools\nunit.engine.core.dll</ModulePath>
      <ModuleTime>2023-02-21T00:47:02Z</ModuleTime>
      <ModuleName>nunit.engine.core</ModuleName>
      <Classes />
    </Module>
    <Module skippedDueTo="Filter" hash="C8-2E-64-82-9F-3E-E5-68-28-EC-A3-5B-05-18-0A-CC-70-C1-0D-04">
      <ModulePath>C:\Windows\Microsoft.Net\assembly\GAC_MSIL\System.Configuration\v4.0_4.0.0.0__b03f5f7f11d50a3a\System.Configuration.dll</ModulePath>
      <ModuleTime>2020-06-05T05:04:06Z</ModuleTime>
      <ModuleName>System.Configuration</ModuleName>
      <Classes />
    </Module>
    <Module skippedDueTo="Filter" hash="2D-4E-7D-93-79-73-1D-3F-7A-CD-83-B3-5F-27-A4-33-E4-E0-D0-C0">
      <ModulePath>C:\Windows\Microsoft.Net\assembly\GAC_MSIL\System.Xml\v4.0_4.0.0.0__b77a5c561934e089\System.Xml.dll</ModulePath>
      <ModuleTime>2023-03-14T18:49:42.7786363Z</ModuleTime>
      <ModuleName>System.Xml</ModuleName>
      <Classes />
    </Module>
    <Module skippedDueTo="Filter" hash="07-8E-ED-65-AB-79-3D-D5-AE-63-34-93-03-66-E0-7E-D4-66-3A-4D">
      <ModulePath>C:\Windows\Microsoft.Net\assembly\GAC_64\System.Web\v4.0_4.0.0.0__b03f5f7f11d50a3a\System.Web.dll</ModulePath>
      <ModuleTime>2022-02-26T09:42:54.632708Z</ModuleTime>
      <ModuleName>System.Web</ModuleName>
      <Classes />
    </Module>
    <Module skippedDueTo="Filter" hash="17-7F-BB-26-7F-A0-86-B2-5D-E6-A1-42-C7-E9-6C-69-83-1D-0A-08">
      <ModulePath>C:\Windows\Microsoft.Net\assembly\GAC_MSIL\System.Runtime.Remoting\v4.0_4.0.0.0__b77a5c561934e089\System.Runtime.Remoting.dll</ModulePath>
      <ModuleTime>2023-03-14T18:49:42.841096Z</ModuleTime>
      <ModuleName>System.Runtime.Remoting</ModuleName>
      <Classes />
    </Module>
    <Module skippedDueTo="MissingPdb" hash="D1-95-A7-87-1A-0F-5F-19-E7-A2-0B-29-DF-BA-6D-BA-96-3C-9D-5E">
      <ModulePath>C:\GitLab-Runner\builds\t8316\personal\lianhengyu\mvc\packages\NUnit.ConsoleRunner.3.16.3\tools\testcentric.engine.metadata.dll</ModulePath>
      <ModuleTime>2021-10-30T18:40:32Z</ModuleTime>
      <ModuleName>testcentric.engine.metadata</ModuleName>
      <Classes />
    </Module>
    <Module skippedDueTo="Filter" hash="5C-98-6E-F1-1D-9E-FB-C0-3B-F1-F3-81-E2-BB-F1-4F-1F-DE-5D-F8">
      <ModulePath>C:\Windows\Microsoft.Net\assembly\GAC_64\mscorlib\v4.0_4.0.0.0__b77a5c561934e089\mscorlib.dll</ModulePath>
      <ModuleTime>2022-12-14T07:11:45.6067895Z</ModuleTime>
      <ModuleName>mscorlib</ModuleName>
      <Classes />
    </Module>
    <Module skippedDueTo="MissingPdb" hash="F5-FB-9A-74-03-83-13-4A-65-5E-5C-56-9C-82-CD-F5-5C-73-FA-21">
      <ModulePath>C:\GitLab-Runner\builds\t8316\personal\lianhengyu\mvc\packages\NUnit.ConsoleRunner.3.16.3\tools\agents\net462\nunit-agent.exe</ModulePath>
      <ModuleTime>2023-02-21T00:47:04Z</ModuleTime>
      <ModuleName>nunit-agent</ModuleName>
      <Classes />
    </Module>
    <Module skippedDueTo="MissingPdb" hash="A8-22-AF-E8-71-B7-BB-BC-5A-9F-18-0F-27-08-2E-92-79-B5-86-67">
      <ModulePath>C:\GitLab-Runner\builds\t8316\personal\lianhengyu\mvc\packages\NUnit.ConsoleRunner.3.16.3\tools\agents\net462\nunit.engine.api.dll</ModulePath>
      <ModuleTime>2023-02-21T00:47:00Z</ModuleTime>
      <ModuleName>nunit.engine.api</ModuleName>
      <Classes />
    </Module>
    <Module skippedDueTo="Filter" hash="95-98-3E-25-CB-49-13-AB-08-EF-D1-7B-C7-AC-18-CB-08-26-96-73">
      <ModulePath>C:\Windows\Microsoft.Net\assembly\GAC_MSIL\System\v4.0_4.0.0.0__b77a5c561934e089\System.dll</ModulePath>
      <ModuleTime>2022-12-14T07:20:36Z</ModuleTime>
      <ModuleName>System</ModuleName>
      <Classes />
    </Module>
    <Module skippedDueTo="MissingPdb" hash="F8-64-60-70-B2-24-23-1B-4C-2F-94-D1-68-E8-3E-1A-6F-B9-8A-A7">
      <ModulePath>C:\GitLab-Runner\builds\t8316\personal\lianhengyu\mvc\packages\NUnit.ConsoleRunner.3.16.3\tools\agents\net462\nunit.engine.core.dll</ModulePath>
      <ModuleTime>2023-02-21T00:47:02Z</ModuleTime>
      <ModuleName>nunit.engine.core</ModuleName>
      <Classes />
    </Module>
    <Module skippedDueTo="Filter" hash="2D-4E-7D-93-79-73-1D-3F-7A-CD-83-B3-5F-27-A4-33-E4-E0-D0-C0">
      <ModulePath>C:\Windows\Microsoft.Net\assembly\GAC_MSIL\System.Xml\v4.0_4.0.0.0__b77a5c561934e089\System.Xml.dll</ModulePath>
      <ModuleTime>2023-03-14T18:49:42.7786363Z</ModuleTime>
      <ModuleName>System.Xml</ModuleName>
      <Classes />
    </Module>
    <Module skippedDueTo="Filter" hash="07-8E-ED-65-AB-79-3D-D5-AE-63-34-93-03-66-E0-7E-D4-66-3A-4D">
      <ModulePath>C:\Windows\Microsoft.Net\assembly\GAC_64\System.Web\v4.0_4.0.0.0__b03f5f7f11d50a3a\System.Web.dll</ModulePath>
      <ModuleTime>2022-02-26T09:42:54.632708Z</ModuleTime>
      <ModuleName>System.Web</ModuleName>
      <Classes />
    </Module>
    <Module skippedDueTo="Filter" hash="17-7F-BB-26-7F-A0-86-B2-5D-E6-A1-42-C7-E9-6C-69-83-1D-0A-08">
      <ModulePath>C:\Windows\Microsoft.Net\assembly\GAC_MSIL\System.Runtime.Remoting\v4.0_4.0.0.0__b77a5c561934e089\System.Runtime.Remoting.dll</ModulePath>
      <ModuleTime>2023-03-14T18:49:42.841096Z</ModuleTime>
      <ModuleName>System.Runtime.Remoting</ModuleName>
      <Classes />
    </Module>
    <Module skippedDueTo="Filter" hash="C8-2E-64-82-9F-3E-E5-68-28-EC-A3-5B-05-18-0A-CC-70-C1-0D-04">
      <ModulePath>C:\Windows\Microsoft.Net\assembly\GAC_MSIL\System.Configuration\v4.0_4.0.0.0__b03f5f7f11d50a3a\System.Configuration.dll</ModulePath>
      <ModuleTime>2020-06-05T05:04:06Z</ModuleTime>
      <ModuleName>System.Configuration</ModuleName>
      <Classes />
    </Module>
    <Module skippedDueTo="MissingPdb" hash="D1-95-A7-87-1A-0F-5F-19-E7-A2-0B-29-DF-BA-6D-BA-96-3C-9D-5E">
      <ModulePath>C:\GitLab-Runner\builds\t8316\personal\lianhengyu\mvc\packages\NUnit.ConsoleRunner.3.16.3\tools\agents\net462\testcentric.engine.metadata.dll</ModulePath>
      <ModuleTime>2021-10-30T18:40:32Z</ModuleTime>
      <ModuleName>testcentric.engine.metadata</ModuleName>
      <Classes />
    </Module>
    <Module skippedDueTo="MissingPdb" hash="A4-96-D3-95-1F-93-62-C9-8F-F9-92-66-CC-A7-01-ED-0C-86-F2-D3">
      <ModulePath>C:\GitLab-Runner\builds\t8316\personal\lianhengyu\mvc\TestProject1\bin\Debug\net48\nunit.framework.dll</ModulePath>
      <ModuleTime>2022-03-20T17:47:40Z</ModuleTime>
      <ModuleName>nunit.framework</ModuleName>
      <Classes />
    </Module>
    <Module skippedDueTo="Filter" hash="95-98-3E-25-CB-49-13-AB-08-EF-D1-7B-C7-AC-18-CB-08-26-96-73">
      <ModulePath>C:\Windows\Microsoft.Net\assembly\GAC_MSIL\System\v4.0_4.0.0.0__b77a5c561934e089\System.dll</ModulePath>
      <ModuleTime>2022-12-14T07:20:36Z</ModuleTime>
      <ModuleName>System</ModuleName>
      <Classes />
    </Module>
    <Module skippedDueTo="Filter" hash="F8-D6-D3-A3-F4-CB-71-5E-E5-7B-EA-BC-A1-6F-96-B5-56-EA-14-50">
      <ModulePath>C:\Windows\Microsoft.Net\assembly\GAC_MSIL\System.Core\v4.0_4.0.0.0__b77a5c561934e089\System.Core.dll</ModulePath>
      <ModuleTime>2022-12-14T07:20:36Z</ModuleTime>
      <ModuleName>System.Core</ModuleName>
      <Classes />
    </Module>
    <Module skippedDueTo="Filter" hash="07-8E-ED-65-AB-79-3D-D5-AE-63-34-93-03-66-E0-7E-D4-66-3A-4D">
      <ModulePath>C:\Windows\Microsoft.Net\assembly\GAC_64\System.Web\v4.0_4.0.0.0__b03f5f7f11d50a3a\System.Web.dll</ModulePath>
      <ModuleTime>2022-02-26T09:42:54.632708Z</ModuleTime>
      <ModuleName>System.Web</ModuleName>
      <Classes />
    </Module>
    <Module hash="5E-EC-D4-B1-A4-F4-59-66-4A-F9-FC-84-D9-14-C8-1E-C9-5D-F0-A7">
      <Summary numSequencePoints="39" visitedSequencePoints="36" numBranchPoints="22" visitedBranchPoints="14" sequenceCoverage="92.31" branchCoverage="63.64" maxCyclomaticComplexity="5" minCyclomaticComplexity="1" maxCrapScore="5" minCrapScore="1.01" visitedClasses="2" numClasses="2" visitedMethods="6" numMethods="6" />
      <ModulePath>C:\GitLab-Runner\builds\t8316\personal\lianhengyu\mvc\TestProject1\bin\Debug\net48\TestProject1.dll</ModulePath>
      <ModuleTime>2023-06-20T07:11:49.6074544Z</ModuleTime>
      <ModuleName>TestProject1</ModuleName>
      <Files>
        <File uid="1" fullPath="C:\GitLab-Runner\builds\t8316\personal\lianhengyu\mvc\TestProject1\UnitTest2.cs" />
        <File uid="2" fullPath="C:\GitLab-Runner\builds\t8316\personal\lianhengyu\mvc\TestProject1\UnitTest1.cs" />
      </Files>
      <Classes>
        <Class>
          <Summary numSequencePoints="0" visitedSequencePoints="0" numBranchPoints="0" visitedBranchPoints="0" sequenceCoverage="0" branchCoverage="0" maxCyclomaticComplexity="0" minCyclomaticComplexity="0" maxCrapScore="0" minCrapScore="0" visitedClasses="0" numClasses="0" visitedMethods="0" numMethods="0" />
          <FullName>&lt;Module&gt;</FullName>
          <Methods />
        </Class>
        <Class>
          <Summary numSequencePoints="24" visitedSequencePoints="24" numBranchPoints="19" visitedBranchPoints="11" sequenceCoverage="100" branchCoverage="57.89" maxCyclomaticComplexity="5" minCyclomaticComplexity="1" maxCrapScore="5" minCrapScore="1" visitedClasses="1" numClasses="1" visitedMethods="3" numMethods="3" />
          <FullName>WebApplication2.UnitTests.HomeControllerTests</FullName>
          <Methods>
            <Method visited="true" cyclomaticComplexity="1" nPathComplexity="0" sequenceCoverage="100" branchCoverage="100" crapScore="1" isConstructor="false" isStatic="false" isGetter="false" isSetter="false">
              <Summary numSequencePoints="6" visitedSequencePoints="6" numBranchPoints="1" visitedBranchPoints="1" sequenceCoverage="100" branchCoverage="100" maxCyclomaticComplexity="1" minCyclomaticComplexity="1" maxCrapScore="1" minCrapScore="1" visitedClasses="0" numClasses="0" visitedMethods="1" numMethods="1" />
              <MetadataToken>100663297</MetadataToken>
              <Name>System.Void WebApplication2.UnitTests.HomeControllerTests::Index_ReturnsViewResult()</Name>
              <FileRef uid="1" />
              <SequencePoints>
                <SequencePoint vc="1" uspid="1" ordinal="0" offset="0" sl="13" sc="9" el="13" ec="10" bec="0" bev="0" fileid="1" />
                <SequencePoint vc="1" uspid="2" ordinal="1" offset="1" sl="15" sc="13" el="15" ec="62" bec="0" bev="0" fileid="1" />
                <SequencePoint vc="1" uspid="3" ordinal="2" offset="7" sl="18" sc="13" el="18" ec="45" bec="0" bev="0" fileid="1" />
                <SequencePoint vc="1" uspid="4" ordinal="3" offset="14" sl="21" sc="13" el="21" ec="38" bec="0" bev="0" fileid="1" />
                <SequencePoint vc="1" uspid="5" ordinal="4" offset="21" sl="22" sc="13" el="22" ec="49" bec="0" bev="0" fileid="1" />
                <SequencePoint vc="1" uspid="6" ordinal="5" offset="36" sl="23" sc="9" el="23" ec="10" bec="0" bev="0" fileid="1" />
              </SequencePoints>
              <BranchPoints />
              <MethodPoint xsi:type="SequencePoint" vc="1" uspid="1" ordinal="0" offset="0" sl="13" sc="9" el="13" ec="10" bec="0" bev="0" fileid="1" />
            </Method>
            <Method visited="true" cyclomaticComplexity="5" nPathComplexity="16" sequenceCoverage="100" branchCoverage="55.56" crapScore="5" isConstructor="false" isStatic="false" isGetter="false" isSetter="false">
              <Summary numSequencePoints="9" visitedSequencePoints="9" numBranchPoints="9" visitedBranchPoints="5" sequenceCoverage="100" branchCoverage="55.56" maxCyclomaticComplexity="5" minCyclomaticComplexity="5" maxCrapScore="5" minCrapScore="5" visitedClasses="0" numClasses="0" visitedMethods="1" numMethods="1" />
              <MetadataToken>100663298</MetadataToken>
              <Name>System.Void WebApplication2.UnitTests.HomeControllerTests::About_ReturnsViewResultWithMessage()</Name>
              <FileRef uid="1" />
              <SequencePoints>
                <SequencePoint vc="1" uspid="7" ordinal="0" offset="0" sl="27" sc="9" el="27" ec="10" bec="0" bev="0" fileid="1" />
                <SequencePoint vc="1" uspid="8" ordinal="1" offset="1" sl="29" sc="13" el="29" ec="62" bec="0" bev="0" fileid="1" />
                <SequencePoint vc="1" uspid="9" ordinal="2" offset="7" sl="32" sc="13" el="32" ec="45" bec="0" bev="0" fileid="1" />
                <SequencePoint vc="1" uspid="10" ordinal="3" offset="14" sl="35" sc="13" el="35" ec="38" bec="0" bev="0" fileid="1" />
                <SequencePoint vc="1" uspid="11" ordinal="4" offset="21" sl="36" sc="13" el="36" ec="49" bec="0" bev="0" fileid="1" />
                <SequencePoint vc="1" uspid="12" ordinal="5" offset="36" sl="38" sc="13" el="38" ec="51" bec="0" bev="0" fileid="1" />
                <SequencePoint vc="1" uspid="13" ordinal="6" offset="43" sl="39" sc="13" el="39" ec="58" bec="4" bev="2" fileid="1" />
                <SequencePoint vc="1" uspid="14" ordinal="7" offset="228" sl="40" sc="13" el="40" ec="95" bec="4" bev="2" fileid="1" />
                <SequencePoint vc="1" uspid="15" ordinal="8" offset="428" sl="41" sc="9" el="41" ec="10" bec="0" bev="0" fileid="1" />
              </SequencePoints>
              <BranchPoints>
                <BranchPoint vc="0" uspid="16" ordinal="0" offset="48" sl="39" path="0" offsetchain="50" offsetend="115" fileid="1" />
                <BranchPoint vc="1" uspid="17" ordinal="1" offset="48" sl="39" path="1" offsetend="52" fileid="1" />
                <BranchPoint vc="0" uspid="18" ordinal="2" offset="145" sl="39" path="0" offsetchain="147" offsetend="196" fileid="1" />
                <BranchPoint vc="1" uspid="19" ordinal="3" offset="145" sl="39" path="1" offsetend="149" fileid="1" />
                <BranchPoint vc="0" uspid="20" ordinal="4" offset="233" sl="40" path="0" offsetchain="235" offsetend="310" fileid="1" />
                <BranchPoint vc="1" uspid="21" ordinal="5" offset="233" sl="40" path="1" offsetend="237" fileid="1" />
                <BranchPoint vc="0" uspid="22" ordinal="6" offset="345" sl="40" path="0" offsetchain="347" offsetend="396" fileid="1" />
                <BranchPoint vc="1" uspid="23" ordinal="7" offset="345" sl="40" path="1" offsetend="349" fileid="1" />
              </BranchPoints>
              <MethodPoint xsi:type="SequencePoint" vc="1" uspid="7" ordinal="0" offset="0" sl="27" sc="9" el="27" ec="10" bec="0" bev="0" fileid="1" />
            </Method>
            <Method visited="true" cyclomaticComplexity="5" nPathComplexity="16" sequenceCoverage="100" branchCoverage="55.56" crapScore="5" isConstructor="false" isStatic="false" isGetter="false" isSetter="false">
              <Summary numSequencePoints="9" visitedSequencePoints="9" numBranchPoints="9" visitedBranchPoints="5" sequenceCoverage="100" branchCoverage="55.56" maxCyclomaticComplexity="5" minCyclomaticComplexity="5" maxCrapScore="5" minCrapScore="5" visitedClasses="0" numClasses="0" visitedMethods="1" numMethods="1" />
              <MetadataToken>100663299</MetadataToken>
              <Name>System.Void WebApplication2.UnitTests.HomeControllerTests::Contact_ReturnsViewResultWithMessage()</Name>
              <FileRef uid="1" />
              <SequencePoints>
                <SequencePoint vc="1" uspid="24" ordinal="0" offset="0" sl="45" sc="9" el="45" ec="10" bec="0" bev="0" fileid="1" />
                <SequencePoint vc="1" uspid="25" ordinal="1" offset="1" sl="47" sc="13" el="47" ec="62" bec="0" bev="0" fileid="1" />
                <SequencePoint vc="1" uspid="26" ordinal="2" offset="7" sl="50" sc="13" el="50" ec="47" bec="0" bev="0" fileid="1" />
                <SequencePoint vc="1" uspid="27" ordinal="3" offset="14" sl="53" sc="13" el="53" ec="38" bec="0" bev="0" fileid="1" />
                <SequencePoint vc="1" uspid="28" ordinal="4" offset="21" sl="54" sc="13" el="54" ec="49" bec="0" bev="0" fileid="1" />
                <SequencePoint vc="1" uspid="29" ordinal="5" offset="36" sl="56" sc="13" el="56" ec="51" bec="0" bev="0" fileid="1" />
                <SequencePoint vc="1" uspid="30" ordinal="6" offset="43" sl="57" sc="13" el="57" ec="58" bec="4" bev="2" fileid="1" />
                <SequencePoint vc="1" uspid="31" ordinal="7" offset="228" sl="58" sc="13" el="58" ec="79" bec="4" bev="2" fileid="1" />
                <SequencePoint vc="1" uspid="32" ordinal="8" offset="428" sl="59" sc="9" el="59" ec="10" bec="0" bev="0" fileid="1" />
              </SequencePoints>
              <BranchPoints>
                <BranchPoint vc="0" uspid="33" ordinal="0" offset="48" sl="57" path="0" offsetchain="50" offsetend="115" fileid="1" />
                <BranchPoint vc="1" uspid="34" ordinal="1" offset="48" sl="57" path="1" offsetend="52" fileid="1" />
                <BranchPoint vc="0" uspid="35" ordinal="2" offset="145" sl="57" path="0" offsetchain="147" offsetend="196" fileid="1" />
                <BranchPoint vc="1" uspid="36" ordinal="3" offset="145" sl="57" path="1" offsetend="149" fileid="1" />
                <BranchPoint vc="0" uspid="37" ordinal="4" offset="233" sl="58" path="0" offsetchain="235" offsetend="310" fileid="1" />
                <BranchPoint vc="1" uspid="38" ordinal="5" offset="233" sl="58" path="1" offsetend="237" fileid="1" />
                <BranchPoint vc="0" uspid="39" ordinal="6" offset="345" sl="58" path="0" offsetchain="347" offsetend="396" fileid="1" />
                <BranchPoint vc="1" uspid="40" ordinal="7" offset="345" sl="58" path="1" offsetend="349" fileid="1" />
              </BranchPoints>
              <MethodPoint xsi:type="SequencePoint" vc="1" uspid="24" ordinal="0" offset="0" sl="45" sc="9" el="45" ec="10" bec="0" bev="0" fileid="1" />
            </Method>
            <Method visited="false" cyclomaticComplexity="1" nPathComplexity="0" sequenceCoverage="0" branchCoverage="0" crapScore="2" isConstructor="true" isStatic="false" isGetter="false" isSetter="false">
              <Summary numSequencePoints="0" visitedSequencePoints="0" numBranchPoints="0" visitedBranchPoints="0" sequenceCoverage="0" branchCoverage="0" maxCyclomaticComplexity="1" minCyclomaticComplexity="1" maxCrapScore="2" minCrapScore="2" visitedClasses="0" numClasses="0" visitedMethods="0" numMethods="0" />
              <MetadataToken>100663300</MetadataToken>
              <Name>System.Void WebApplication2.UnitTests.HomeControllerTests::.ctor()</Name>
              <SequencePoints />
              <BranchPoints />
              <MethodPoint vc="0" uspid="41" ordinal="0" offset="0" />
            </Method>
          </Methods>
        </Class>
        <Class>
          <Summary numSequencePoints="0" visitedSequencePoints="0" numBranchPoints="0" visitedBranchPoints="0" sequenceCoverage="0" branchCoverage="0" maxCyclomaticComplexity="0" minCyclomaticComplexity="0" maxCrapScore="0" minCrapScore="0" visitedClasses="0" numClasses="0" visitedMethods="0" numMethods="0" />
          <FullName>WebApplication2.UnitTests.HomeControllerTests/&lt;&gt;o__1</FullName>
          <Methods />
        </Class>
        <Class>
          <Summary numSequencePoints="0" visitedSequencePoints="0" numBranchPoints="0" visitedBranchPoints="0" sequenceCoverage="0" branchCoverage="0" maxCyclomaticComplexity="0" minCyclomaticComplexity="0" maxCrapScore="0" minCrapScore="0" visitedClasses="0" numClasses="0" visitedMethods="0" numMethods="0" />
          <FullName>WebApplication2.UnitTests.HomeControllerTests/&lt;&gt;o__2</FullName>
          <Methods />
        </Class>
        <Class>
          <Summary numSequencePoints="15" visitedSequencePoints="12" numBranchPoints="3" visitedBranchPoints="3" sequenceCoverage="80" branchCoverage="100" maxCyclomaticComplexity="1" minCyclomaticComplexity="1" maxCrapScore="2" minCrapScore="1.01" visitedClasses="1" numClasses="1" visitedMethods="3" numMethods="3" />
          <FullName>WebApplication1.UnitTests.HomeControllerTests</FullName>
          <Methods>
            <Method visited="true" cyclomaticComplexity="1" nPathComplexity="0" sequenceCoverage="80" branchCoverage="100" crapScore="1.01" isConstructor="false" isStatic="false" isGetter="false" isSetter="false">
              <Summary numSequencePoints="5" visitedSequencePoints="4" numBranchPoints="1" visitedBranchPoints="1" sequenceCoverage="80" branchCoverage="100" maxCyclomaticComplexity="1" minCyclomaticComplexity="1" maxCrapScore="1.01" minCrapScore="1.01" visitedClasses="0" numClasses="0" visitedMethods="1" numMethods="1" />
              <MetadataToken>100663301</MetadataToken>
              <Name>System.Void WebApplication1.UnitTests.HomeControllerTests::Index_ReturnsViewResult()</Name>
              <FileRef uid="2" />
              <SequencePoints>
                <SequencePoint vc="1" uspid="42" ordinal="0" offset="0" sl="12" sc="9" el="12" ec="10" bec="0" bev="0" fileid="2" />
                <SequencePoint vc="1" uspid="43" ordinal="1" offset="1" sl="14" sc="13" el="14" ec="62" bec="0" bev="0" fileid="2" />
                <SequencePoint vc="1" uspid="44" ordinal="2" offset="7" sl="17" sc="13" el="17" ec="45" bec="0" bev="0" fileid="2" />
                <SequencePoint vc="1" uspid="45" ordinal="3" offset="14" sl="20" sc="13" el="20" ec="58" bec="0" bev="0" fileid="2" />
                <SequencePoint vc="0" uspid="46" ordinal="4" offset="25" sl="21" sc="9" el="21" ec="10" bec="0" bev="0" fileid="2" />
              </SequencePoints>
              <BranchPoints />
              <MethodPoint xsi:type="SequencePoint" vc="1" uspid="42" ordinal="0" offset="0" sl="12" sc="9" el="12" ec="10" bec="0" bev="0" fileid="2" />
            </Method>
            <Method visited="true" cyclomaticComplexity="1" nPathComplexity="0" sequenceCoverage="80" branchCoverage="100" crapScore="1.01" isConstructor="false" isStatic="false" isGetter="false" isSetter="false">
              <Summary numSequencePoints="5" visitedSequencePoints="4" numBranchPoints="1" visitedBranchPoints="1" sequenceCoverage="80" branchCoverage="100" maxCyclomaticComplexity="1" minCyclomaticComplexity="1" maxCrapScore="1.01" minCrapScore="1.01" visitedClasses="0" numClasses="0" visitedMethods="1" numMethods="1" />
              <MetadataToken>100663302</MetadataToken>
              <Name>System.Void WebApplication1.UnitTests.HomeControllerTests::About_ReturnsViewResultWithMessage()</Name>
              <FileRef uid="2" />
              <SequencePoints>
                <SequencePoint vc="1" uspid="47" ordinal="0" offset="0" sl="25" sc="9" el="25" ec="10" bec="0" bev="0" fileid="2" />
                <SequencePoint vc="1" uspid="48" ordinal="1" offset="1" sl="27" sc="13" el="27" ec="62" bec="0" bev="0" fileid="2" />
                <SequencePoint vc="1" uspid="49" ordinal="2" offset="7" sl="30" sc="13" el="30" ec="45" bec="0" bev="0" fileid="2" />
                <SequencePoint vc="1" uspid="50" ordinal="3" offset="14" sl="33" sc="13" el="33" ec="58" bec="0" bev="0" fileid="2" />
                <SequencePoint vc="0" uspid="51" ordinal="4" offset="25" sl="34" sc="9" el="34" ec="10" bec="0" bev="0" fileid="2" />
              </SequencePoints>
              <BranchPoints />
              <MethodPoint xsi:type="SequencePoint" vc="1" uspid="47" ordinal="0" offset="0" sl="25" sc="9" el="25" ec="10" bec="0" bev="0" fileid="2" />
            </Method>
            <Method visited="true" cyclomaticComplexity="1" nPathComplexity="0" sequenceCoverage="80" branchCoverage="100" crapScore="1.01" isConstructor="false" isStatic="false" isGetter="false" isSetter="false">
              <Summary numSequencePoints="5" visitedSequencePoints="4" numBranchPoints="1" visitedBranchPoints="1" sequenceCoverage="80" branchCoverage="100" maxCyclomaticComplexity="1" minCyclomaticComplexity="1" maxCrapScore="1.01" minCrapScore="1.01" visitedClasses="0" numClasses="0" visitedMethods="1" numMethods="1" />
              <MetadataToken>100663303</MetadataToken>
              <Name>System.Void WebApplication1.UnitTests.HomeControllerTests::Contact_ReturnsViewResultWithMessage()</Name>
              <FileRef uid="2" />
              <SequencePoints>
                <SequencePoint vc="1" uspid="52" ordinal="0" offset="0" sl="38" sc="9" el="38" ec="10" bec="0" bev="0" fileid="2" />
                <SequencePoint vc="1" uspid="53" ordinal="1" offset="1" sl="40" sc="13" el="40" ec="62" bec="0" bev="0" fileid="2" />
                <SequencePoint vc="1" uspid="54" ordinal="2" offset="7" sl="43" sc="13" el="43" ec="47" bec="0" bev="0" fileid="2" />
                <SequencePoint vc="1" uspid="55" ordinal="3" offset="14" sl="46" sc="13" el="46" ec="58" bec="0" bev="0" fileid="2" />
                <SequencePoint vc="0" uspid="56" ordinal="4" offset="25" sl="47" sc="9" el="47" ec="10" bec="0" bev="0" fileid="2" />
              </SequencePoints>
              <BranchPoints />
              <MethodPoint xsi:type="SequencePoint" vc="1" uspid="52" ordinal="0" offset="0" sl="38" sc="9" el="38" ec="10" bec="0" bev="0" fileid="2" />
            </Method>
            <Method visited="false" cyclomaticComplexity="1" nPathComplexity="0" sequenceCoverage="0" branchCoverage="0" crapScore="2" isConstructor="true" isStatic="false" isGetter="false" isSetter="false">
              <Summary numSequencePoints="0" visitedSequencePoints="0" numBranchPoints="0" visitedBranchPoints="0" sequenceCoverage="0" branchCoverage="0" maxCyclomaticComplexity="1" minCyclomaticComplexity="1" maxCrapScore="2" minCrapScore="2" visitedClasses="0" numClasses="0" visitedMethods="0" numMethods="0" />
              <MetadataToken>100663304</MetadataToken>
              <Name>System.Void WebApplication1.UnitTests.HomeControllerTests::.ctor()</Name>
              <SequencePoints />
              <BranchPoints />
              <MethodPoint vc="0" uspid="57" ordinal="0" offset="0" />
            </Method>
          </Methods>
        </Class>
      </Classes>
    </Module>
    <Module skippedDueTo="Filter" hash="2D-4E-7D-93-79-73-1D-3F-7A-CD-83-B3-5F-27-A4-33-E4-E0-D0-C0">
      <ModulePath>C:\Windows\Microsoft.Net\assembly\GAC_MSIL\System.Xml\v4.0_4.0.0.0__b77a5c561934e089\System.Xml.dll</ModulePath>
      <ModuleTime>2023-03-14T18:49:42.7786363Z</ModuleTime>
      <ModuleName>System.Xml</ModuleName>
      <Classes />
    </Module>
    <Module hash="FD-0D-0A-54-84-A7-0F-D5-B6-9C-E7-A7-F0-68-A0-35-C2-C9-EF-6B">
      <Summary numSequencePoints="37" visitedSequencePoints="17" numBranchPoints="16" visitedBranchPoints="8" sequenceCoverage="45.95" branchCoverage="50" maxCyclomaticComplexity="7" minCyclomaticComplexity="0" maxCrapScore="56" minCrapScore="0" visitedClasses="1" numClasses="5" visitedMethods="4" numMethods="8" />
      <ModulePath>C:\GitLab-Runner\builds\t8316\personal\lianhengyu\mvc\TestProject1\bin\Debug\net48\WebApplication1.dll</ModulePath>
      <ModuleTime>2023-06-20T07:11:43.0841391Z</ModuleTime>
      <ModuleName>WebApplication1</ModuleName>
      <Files>
        <File uid="5" fullPath="C:\GitLab-Runner\builds\t8316\personal\lianhengyu\mvc\WebApplication1\App_Start\BundleConfig.cs" />
        <File uid="6" fullPath="C:\GitLab-Runner\builds\t8316\personal\lianhengyu\mvc\WebApplication1\App_Start\FilterConfig.cs" />
        <File uid="7" fullPath="C:\GitLab-Runner\builds\t8316\personal\lianhengyu\mvc\WebApplication1\App_Start\RouteConfig.cs" />
        <File uid="8" fullPath="C:\GitLab-Runner\builds\t8316\personal\lianhengyu\mvc\WebApplication1\Global.asax.cs" />
        <File uid="9" fullPath="C:\GitLab-Runner\builds\t8316\personal\lianhengyu\mvc\WebApplication1\Controllers\HomeController.cs" />
      </Files>
      <Classes>
        <Class>
          <Summary numSequencePoints="0" visitedSequencePoints="0" numBranchPoints="0" visitedBranchPoints="0" sequenceCoverage="0" branchCoverage="0" maxCyclomaticComplexity="0" minCyclomaticComplexity="0" maxCrapScore="0" minCrapScore="0" visitedClasses="0" numClasses="0" visitedMethods="0" numMethods="0" />
          <FullName>&lt;Module&gt;</FullName>
          <Methods />
        </Class>
        <Class>
          <Summary numSequencePoints="0" visitedSequencePoints="0" numBranchPoints="0" visitedBranchPoints="0" sequenceCoverage="0" branchCoverage="0" maxCyclomaticComplexity="7" minCyclomaticComplexity="1" maxCrapScore="56" minCrapScore="2" visitedClasses="0" numClasses="0" visitedMethods="0" numMethods="0" />
          <FullName>&lt;&gt;f__AnonymousType0`3</FullName>
          <Methods>
            <Method visited="false" cyclomaticComplexity="1" nPathComplexity="0" sequenceCoverage="0" branchCoverage="0" crapScore="2" isConstructor="false" isStatic="false" isGetter="true" isSetter="false">
              <Summary numSequencePoints="0" visitedSequencePoints="0" numBranchPoints="0" visitedBranchPoints="0" sequenceCoverage="0" branchCoverage="0" maxCyclomaticComplexity="1" minCyclomaticComplexity="1" maxCrapScore="2" minCrapScore="2" visitedClasses="0" numClasses="0" visitedMethods="0" numMethods="0" />
              <MetadataToken>100663297</MetadataToken>
              <Name>&lt;controller&gt;j__TPar &lt;&gt;f__AnonymousType0`3::get_controller()</Name>
              <SequencePoints />
              <BranchPoints />
              <MethodPoint vc="0" uspid="58" ordinal="0" offset="0" />
            </Method>
            <Method visited="false" cyclomaticComplexity="1" nPathComplexity="0" sequenceCoverage="0" branchCoverage="0" crapScore="2" isConstructor="false" isStatic="false" isGetter="true" isSetter="false">
              <Summary numSequencePoints="0" visitedSequencePoints="0" numBranchPoints="0" visitedBranchPoints="0" sequenceCoverage="0" branchCoverage="0" maxCyclomaticComplexity="1" minCyclomaticComplexity="1" maxCrapScore="2" minCrapScore="2" visitedClasses="0" numClasses="0" visitedMethods="0" numMethods="0" />
              <MetadataToken>100663298</MetadataToken>
              <Name>&lt;action&gt;j__TPar &lt;&gt;f__AnonymousType0`3::get_action()</Name>
              <SequencePoints />
              <BranchPoints />
              <MethodPoint vc="0" uspid="59" ordinal="0" offset="0" />
            </Method>
            <Method visited="false" cyclomaticComplexity="1" nPathComplexity="0" sequenceCoverage="0" branchCoverage="0" crapScore="2" isConstructor="false" isStatic="false" isGetter="true" isSetter="false">
              <Summary numSequencePoints="0" visitedSequencePoints="0" numBranchPoints="0" visitedBranchPoints="0" sequenceCoverage="0" branchCoverage="0" maxCyclomaticComplexity="1" minCyclomaticComplexity="1" maxCrapScore="2" minCrapScore="2" visitedClasses="0" numClasses="0" visitedMethods="0" numMethods="0" />
              <MetadataToken>100663299</MetadataToken>
              <Name>&lt;id&gt;j__TPar &lt;&gt;f__AnonymousType0`3::get_id()</Name>
              <SequencePoints />
              <BranchPoints />
              <MethodPoint vc="0" uspid="60" ordinal="0" offset="0" />
            </Method>
            <Method visited="false" cyclomaticComplexity="1" nPathComplexity="0" sequenceCoverage="0" branchCoverage="0" crapScore="2" isConstructor="true" isStatic="false" isGetter="false" isSetter="false">
              <Summary numSequencePoints="0" visitedSequencePoints="0" numBranchPoints="0" visitedBranchPoints="0" sequenceCoverage="0" branchCoverage="0" maxCyclomaticComplexity="1" minCyclomaticComplexity="1" maxCrapScore="2" minCrapScore="2" visitedClasses="0" numClasses="0" visitedMethods="0" numMethods="0" />
              <MetadataToken>100663300</MetadataToken>
              <Name>System.Void &lt;&gt;f__AnonymousType0`3::.ctor(&lt;controller&gt;j__TPar,&lt;action&gt;j__TPar,&lt;id&gt;j__TPar)</Name>
              <SequencePoints />
              <BranchPoints />
              <MethodPoint vc="0" uspid="61" ordinal="0" offset="0" />
            </Method>
            <Method visited="false" cyclomaticComplexity="6" nPathComplexity="0" sequenceCoverage="0" branchCoverage="0" crapScore="42" isConstructor="false" isStatic="false" isGetter="false" isSetter="false">
              <Summary numSequencePoints="0" visitedSequencePoints="0" numBranchPoints="0" visitedBranchPoints="0" sequenceCoverage="0" branchCoverage="0" maxCyclomaticComplexity="6" minCyclomaticComplexity="6" maxCrapScore="42" minCrapScore="42" visitedClasses="0" numClasses="0" visitedMethods="0" numMethods="0" />
              <MetadataToken>100663301</MetadataToken>
              <Name>System.Boolean &lt;&gt;f__AnonymousType0`3::Equals(System.Object)</Name>
              <SequencePoints />
              <BranchPoints />
              <MethodPoint vc="0" uspid="62" ordinal="0" offset="0" />
            </Method>
            <Method visited="false" cyclomaticComplexity="1" nPathComplexity="0" sequenceCoverage="0" branchCoverage="0" crapScore="2" isConstructor="false" isStatic="false" isGetter="false" isSetter="false">
              <Summary numSequencePoints="0" visitedSequencePoints="0" numBranchPoints="0" visitedBranchPoints="0" sequenceCoverage="0" branchCoverage="0" maxCyclomaticComplexity="1" minCyclomaticComplexity="1" maxCrapScore="2" minCrapScore="2" visitedClasses="0" numClasses="0" visitedMethods="0" numMethods="0" />
              <MetadataToken>100663302</MetadataToken>
              <Name>System.Int32 &lt;&gt;f__AnonymousType0`3::GetHashCode()</Name>
              <SequencePoints />
              <BranchPoints />
              <MethodPoint vc="0" uspid="63" ordinal="0" offset="0" />
            </Method>
            <Method visited="false" cyclomaticComplexity="7" nPathComplexity="0" sequenceCoverage="0" branchCoverage="0" crapScore="56" isConstructor="false" isStatic="false" isGetter="false" isSetter="false">
              <Summary numSequencePoints="0" visitedSequencePoints="0" numBranchPoints="0" visitedBranchPoints="0" sequenceCoverage="0" branchCoverage="0" maxCyclomaticComplexity="7" minCyclomaticComplexity="7" maxCrapScore="56" minCrapScore="56" visitedClasses="0" numClasses="0" visitedMethods="0" numMethods="0" />
              <MetadataToken>100663303</MetadataToken>
              <Name>System.String &lt;&gt;f__AnonymousType0`3::ToString()</Name>
              <SequencePoints />
              <BranchPoints />
              <MethodPoint vc="0" uspid="64" ordinal="0" offset="0" />
            </Method>
          </Methods>
        </Class>
        <Class>
          <Summary numSequencePoints="7" visitedSequencePoints="0" numBranchPoints="1" visitedBranchPoints="0" sequenceCoverage="0" branchCoverage="0" maxCyclomaticComplexity="1" minCyclomaticComplexity="1" maxCrapScore="2" minCrapScore="2" visitedClasses="0" numClasses="1" visitedMethods="0" numMethods="1" />
          <FullName>WebApplication1.BundleConfig</FullName>
          <Methods>
            <Method visited="false" cyclomaticComplexity="1" nPathComplexity="0" sequenceCoverage="0" branchCoverage="0" crapScore="2" isConstructor="false" isStatic="true" isGetter="false" isSetter="false">
              <Summary numSequencePoints="7" visitedSequencePoints="0" numBranchPoints="1" visitedBranchPoints="0" sequenceCoverage="0" branchCoverage="0" maxCyclomaticComplexity="1" minCyclomaticComplexity="1" maxCrapScore="2" minCrapScore="2" visitedClasses="0" numClasses="0" visitedMethods="0" numMethods="1" />
              <MetadataToken>100663304</MetadataToken>
              <Name>System.Void WebApplication1.BundleConfig::RegisterBundles(System.Web.Optimization.BundleCollection)</Name>
              <FileRef uid="5" />
              <SequencePoints>
                <SequencePoint vc="0" uspid="65" ordinal="0" offset="0" sl="10" sc="9" el="10" ec="10" bec="0" bev="0" fileid="5" />
                <SequencePoint vc="0" uspid="66" ordinal="1" offset="1" sl="11" sc="13" el="12" ec="59" bec="0" bev="0" fileid="5" />
                <SequencePoint vc="0" uspid="67" ordinal="2" offset="33" sl="14" sc="13" el="15" ec="56" bec="0" bev="0" fileid="5" />
                <SequencePoint vc="0" uspid="68" ordinal="3" offset="65" sl="19" sc="13" el="20" ec="51" bec="0" bev="0" fileid="5" />
                <SequencePoint vc="0" uspid="69" ordinal="4" offset="97" sl="22" sc="13" el="23" ec="50" bec="0" bev="0" fileid="5" />
                <SequencePoint vc="0" uspid="70" ordinal="5" offset="129" sl="25" sc="13" el="27" ec="46" bec="0" bev="0" fileid="5" />
                <SequencePoint vc="0" uspid="71" ordinal="6" offset="173" sl="28" sc="9" el="28" ec="10" bec="0" bev="0" fileid="5" />
              </SequencePoints>
              <BranchPoints />
              <MethodPoint xsi:type="SequencePoint" vc="0" uspid="65" ordinal="0" offset="0" sl="10" sc="9" el="10" ec="10" bec="0" bev="0" fileid="5" />
            </Method>
            <Method visited="false" cyclomaticComplexity="1" nPathComplexity="0" sequenceCoverage="0" branchCoverage="0" crapScore="2" isConstructor="true" isStatic="false" isGetter="false" isSetter="false">
              <Summary numSequencePoints="0" visitedSequencePoints="0" numBranchPoints="0" visitedBranchPoints="0" sequenceCoverage="0" branchCoverage="0" maxCyclomaticComplexity="1" minCyclomaticComplexity="1" maxCrapScore="2" minCrapScore="2" visitedClasses="0" numClasses="0" visitedMethods="0" numMethods="0" />
              <MetadataToken>100663305</MetadataToken>
              <Name>System.Void WebApplication1.BundleConfig::.ctor()</Name>
              <SequencePoints />
              <BranchPoints />
              <MethodPoint vc="0" uspid="72" ordinal="0" offset="0" />
            </Method>
          </Methods>
        </Class>
        <Class>
          <Summary numSequencePoints="3" visitedSequencePoints="0" numBranchPoints="1" visitedBranchPoints="0" sequenceCoverage="0" branchCoverage="0" maxCyclomaticComplexity="1" minCyclomaticComplexity="1" maxCrapScore="2" minCrapScore="2" visitedClasses="0" numClasses="1" visitedMethods="0" numMethods="1" />
          <FullName>WebApplication1.FilterConfig</FullName>
          <Methods>
            <Method visited="false" cyclomaticComplexity="1" nPathComplexity="0" sequenceCoverage="0" branchCoverage="0" crapScore="2" isConstructor="false" isStatic="true" isGetter="false" isSetter="false">
              <Summary numSequencePoints="3" visitedSequencePoints="0" numBranchPoints="1" visitedBranchPoints="0" sequenceCoverage="0" branchCoverage="0" maxCyclomaticComplexity="1" minCyclomaticComplexity="1" maxCrapScore="2" minCrapScore="2" visitedClasses="0" numClasses="0" visitedMethods="0" numMethods="1" />
              <MetadataToken>100663306</MetadataToken>
              <Name>System.Void WebApplication1.FilterConfig::RegisterGlobalFilters(System.Web.Mvc.GlobalFilterCollection)</Name>
              <FileRef uid="6" />
              <SequencePoints>
                <SequencePoint vc="0" uspid="73" ordinal="0" offset="0" sl="9" sc="9" el="9" ec="10" bec="0" bev="0" fileid="6" />
                <SequencePoint vc="0" uspid="74" ordinal="1" offset="1" sl="10" sc="13" el="10" ec="53" bec="0" bev="0" fileid="6" />
                <SequencePoint vc="0" uspid="75" ordinal="2" offset="13" sl="11" sc="9" el="11" ec="10" bec="0" bev="0" fileid="6" />
              </SequencePoints>
              <BranchPoints />
              <MethodPoint xsi:type="SequencePoint" vc="0" uspid="73" ordinal="0" offset="0" sl="9" sc="9" el="9" ec="10" bec="0" bev="0" fileid="6" />
            </Method>
            <Method visited="false" cyclomaticComplexity="1" nPathComplexity="0" sequenceCoverage="0" branchCoverage="0" crapScore="2" isConstructor="true" isStatic="false" isGetter="false" isSetter="false">
              <Summary numSequencePoints="0" visitedSequencePoints="0" numBranchPoints="0" visitedBranchPoints="0" sequenceCoverage="0" branchCoverage="0" maxCyclomaticComplexity="1" minCyclomaticComplexity="1" maxCrapScore="2" minCrapScore="2" visitedClasses="0" numClasses="0" visitedMethods="0" numMethods="0" />
              <MetadataToken>100663307</MetadataToken>
              <Name>System.Void WebApplication1.FilterConfig::.ctor()</Name>
              <SequencePoints />
              <BranchPoints />
              <MethodPoint vc="0" uspid="76" ordinal="0" offset="0" />
            </Method>
          </Methods>
        </Class>
        <Class>
          <Summary numSequencePoints="4" visitedSequencePoints="0" numBranchPoints="1" visitedBranchPoints="0" sequenceCoverage="0" branchCoverage="0" maxCyclomaticComplexity="1" minCyclomaticComplexity="1" maxCrapScore="2" minCrapScore="2" visitedClasses="0" numClasses="1" visitedMethods="0" numMethods="1" />
          <FullName>WebApplication1.RouteConfig</FullName>
          <Methods>
            <Method visited="false" cyclomaticComplexity="1" nPathComplexity="0" sequenceCoverage="0" branchCoverage="0" crapScore="2" isConstructor="false" isStatic="true" isGetter="false" isSetter="false">
              <Summary numSequencePoints="4" visitedSequencePoints="0" numBranchPoints="1" visitedBranchPoints="0" sequenceCoverage="0" branchCoverage="0" maxCyclomaticComplexity="1" minCyclomaticComplexity="1" maxCrapScore="2" minCrapScore="2" visitedClasses="0" numClasses="0" visitedMethods="0" numMethods="1" />
              <MetadataToken>100663308</MetadataToken>
              <Name>System.Void WebApplication1.RouteConfig::RegisterRoutes(System.Web.Routing.RouteCollection)</Name>
              <FileRef uid="7" />
              <SequencePoints>
                <SequencePoint vc="0" uspid="77" ordinal="0" offset="0" sl="13" sc="9" el="13" ec="10" bec="0" bev="0" fileid="7" />
                <SequencePoint vc="0" uspid="78" ordinal="1" offset="1" sl="14" sc="13" el="14" ec="62" bec="0" bev="0" fileid="7" />
                <SequencePoint vc="0" uspid="79" ordinal="2" offset="13" sl="16" sc="13" el="20" ec="15" bec="0" bev="0" fileid="7" />
                <SequencePoint vc="0" uspid="80" ordinal="3" offset="50" sl="21" sc="9" el="21" ec="10" bec="0" bev="0" fileid="7" />
              </SequencePoints>
              <BranchPoints />
              <MethodPoint xsi:type="SequencePoint" vc="0" uspid="77" ordinal="0" offset="0" sl="13" sc="9" el="13" ec="10" bec="0" bev="0" fileid="7" />
            </Method>
            <Method visited="false" cyclomaticComplexity="1" nPathComplexity="0" sequenceCoverage="0" branchCoverage="0" crapScore="2" isConstructor="true" isStatic="false" isGetter="false" isSetter="false">
              <Summary numSequencePoints="0" visitedSequencePoints="0" numBranchPoints="0" visitedBranchPoints="0" sequenceCoverage="0" branchCoverage="0" maxCyclomaticComplexity="1" minCyclomaticComplexity="1" maxCrapScore="2" minCrapScore="2" visitedClasses="0" numClasses="0" visitedMethods="0" numMethods="0" />
              <MetadataToken>100663309</MetadataToken>
              <Name>System.Void WebApplication1.RouteConfig::.ctor()</Name>
              <SequencePoints />
              <BranchPoints />
              <MethodPoint vc="0" uspid="81" ordinal="0" offset="0" />
            </Method>
          </Methods>
        </Class>
        <Class>
          <Summary numSequencePoints="6" visitedSequencePoints="0" numBranchPoints="1" visitedBranchPoints="0" sequenceCoverage="0" branchCoverage="0" maxCyclomaticComplexity="1" minCyclomaticComplexity="1" maxCrapScore="2" minCrapScore="2" visitedClasses="0" numClasses="1" visitedMethods="0" numMethods="1" />
          <FullName>WebApplication1.MvcApplication</FullName>
          <Methods>
            <Method visited="false" cyclomaticComplexity="1" nPathComplexity="0" sequenceCoverage="0" branchCoverage="0" crapScore="2" isConstructor="false" isStatic="false" isGetter="false" isSetter="false">
              <Summary numSequencePoints="6" visitedSequencePoints="0" numBranchPoints="1" visitedBranchPoints="0" sequenceCoverage="0" branchCoverage="0" maxCyclomaticComplexity="1" minCyclomaticComplexity="1" maxCrapScore="2" minCrapScore="2" visitedClasses="0" numClasses="0" visitedMethods="0" numMethods="1" />
              <MetadataToken>100663310</MetadataToken>
              <Name>System.Void WebApplication1.MvcApplication::Application_Start()</Name>
              <FileRef uid="8" />
              <SequencePoints>
                <SequencePoint vc="0" uspid="82" ordinal="0" offset="0" sl="14" sc="9" el="14" ec="10" bec="0" bev="0" fileid="8" />
                <SequencePoint vc="0" uspid="83" ordinal="1" offset="1" sl="15" sc="13" el="15" ec="49" bec="0" bev="0" fileid="8" />
                <SequencePoint vc="0" uspid="84" ordinal="2" offset="7" sl="16" sc="13" el="16" ec="71" bec="0" bev="0" fileid="8" />
                <SequencePoint vc="0" uspid="85" ordinal="3" offset="18" sl="17" sc="13" el="17" ec="59" bec="0" bev="0" fileid="8" />
                <SequencePoint vc="0" uspid="86" ordinal="4" offset="29" sl="18" sc="13" el="18" ec="63" bec="0" bev="0" fileid="8" />
                <SequencePoint vc="0" uspid="87" ordinal="5" offset="40" sl="19" sc="9" el="19" ec="10" bec="0" bev="0" fileid="8" />
              </SequencePoints>
              <BranchPoints />
              <MethodPoint xsi:type="SequencePoint" vc="0" uspid="82" ordinal="0" offset="0" sl="14" sc="9" el="14" ec="10" bec="0" bev="0" fileid="8" />
            </Method>
            <Method visited="false" cyclomaticComplexity="1" nPathComplexity="0" sequenceCoverage="0" branchCoverage="0" crapScore="2" isConstructor="true" isStatic="false" isGetter="false" isSetter="false">
              <Summary numSequencePoints="0" visitedSequencePoints="0" numBranchPoints="0" visitedBranchPoints="0" sequenceCoverage="0" branchCoverage="0" maxCyclomaticComplexity="1" minCyclomaticComplexity="1" maxCrapScore="2" minCrapScore="2" visitedClasses="0" numClasses="0" visitedMethods="0" numMethods="0" />
              <MetadataToken>100663311</MetadataToken>
              <Name>System.Void WebApplication1.MvcApplication::.ctor()</Name>
              <SequencePoints />
              <BranchPoints />
              <MethodPoint vc="0" uspid="88" ordinal="0" offset="0" />
            </Method>
          </Methods>
        </Class>
        <Class>
          <Summary numSequencePoints="17" visitedSequencePoints="17" numBranchPoints="12" visitedBranchPoints="8" sequenceCoverage="100" branchCoverage="66.67" maxCyclomaticComplexity="3" minCyclomaticComplexity="1" maxCrapScore="3" minCrapScore="1" visitedClasses="1" numClasses="1" visitedMethods="4" numMethods="4" />
          <FullName>WebApplication1.Controllers.HomeController</FullName>
          <Methods>
            <Method visited="true" cyclomaticComplexity="3" nPathComplexity="4" sequenceCoverage="100" branchCoverage="60" crapScore="3" isConstructor="false" isStatic="false" isGetter="false" isSetter="false">
              <Summary numSequencePoints="6" visitedSequencePoints="6" numBranchPoints="5" visitedBranchPoints="3" sequenceCoverage="100" branchCoverage="60" maxCyclomaticComplexity="3" minCyclomaticComplexity="3" maxCrapScore="3" minCrapScore="3" visitedClasses="0" numClasses="0" visitedMethods="1" numMethods="1" />
              <MetadataToken>100663312</MetadataToken>
              <Name>System.Web.Mvc.ActionResult WebApplication1.Controllers.HomeController::Index()</Name>
              <FileRef uid="9" />
              <SequencePoints>
                <SequencePoint vc="1" uspid="89" ordinal="0" offset="0" sl="12" sc="9" el="12" ec="10" bec="0" bev="0" fileid="9" />
                <SequencePoint vc="1" uspid="90" ordinal="1" offset="1" sl="13" sc="13" el="13" ec="60" bec="2" bev="1" fileid="9" />
                <SequencePoint vc="1" uspid="91" ordinal="2" offset="99" sl="16" sc="13" el="16" ec="43" bec="0" bev="0" fileid="9" />
                <SequencePoint vc="1" uspid="92" ordinal="3" offset="108" sl="17" sc="13" el="17" ec="37" bec="2" bev="1" fileid="9" />
                <SequencePoint vc="1" uspid="93" ordinal="4" offset="202" sl="19" sc="13" el="19" ec="27" bec="0" bev="0" fileid="9" />
                <SequencePoint vc="1" uspid="94" ordinal="5" offset="211" sl="20" sc="9" el="20" ec="10" bec="0" bev="0" fileid="9" />
              </SequencePoints>
              <BranchPoints>
                <BranchPoint vc="0" uspid="95" ordinal="0" offset="6" sl="13" path="0" offsetchain="8" offsetend="67" fileid="9" />
                <BranchPoint vc="1" uspid="96" ordinal="1" offset="6" sl="13" path="1" offsetend="10" fileid="9" />
                <BranchPoint vc="0" uspid="97" ordinal="2" offset="113" sl="17" path="0" offsetchain="115" offsetend="174" fileid="9" />
                <BranchPoint vc="1" uspid="98" ordinal="3" offset="113" sl="17" path="1" offsetend="117" fileid="9" />
              </BranchPoints>
              <MethodPoint xsi:type="SequencePoint" vc="1" uspid="89" ordinal="0" offset="0" sl="12" sc="9" el="12" ec="10" bec="0" bev="0" fileid="9" />
            </Method>
            <Method visited="true" cyclomaticComplexity="2" nPathComplexity="2" sequenceCoverage="100" branchCoverage="66.67" crapScore="2" isConstructor="false" isStatic="false" isGetter="false" isSetter="false">
              <Summary numSequencePoints="4" visitedSequencePoints="4" numBranchPoints="3" visitedBranchPoints="2" sequenceCoverage="100" branchCoverage="66.67" maxCyclomaticComplexity="2" minCyclomaticComplexity="2" maxCrapScore="2" minCrapScore="2" visitedClasses="0" numClasses="0" visitedMethods="1" numMethods="1" />
              <MetadataToken>100663313</MetadataToken>
              <Name>System.Web.Mvc.ActionResult WebApplication1.Controllers.HomeController::About()</Name>
              <FileRef uid="9" />
              <SequencePoints>
                <SequencePoint vc="1" uspid="99" ordinal="0" offset="0" sl="23" sc="9" el="23" ec="10" bec="0" bev="0" fileid="9" />
                <SequencePoint vc="1" uspid="100" ordinal="1" offset="1" sl="24" sc="13" el="24" ec="68" bec="2" bev="1" fileid="9" />
                <SequencePoint vc="1" uspid="101" ordinal="2" offset="99" sl="26" sc="13" el="26" ec="27" bec="0" bev="0" fileid="9" />
                <SequencePoint vc="1" uspid="102" ordinal="3" offset="108" sl="27" sc="9" el="27" ec="10" bec="0" bev="0" fileid="9" />
              </SequencePoints>
              <BranchPoints>
                <BranchPoint vc="0" uspid="103" ordinal="0" offset="6" sl="24" path="0" offsetchain="8" offsetend="67" fileid="9" />
                <BranchPoint vc="1" uspid="104" ordinal="1" offset="6" sl="24" path="1" offsetend="10" fileid="9" />
              </BranchPoints>
              <MethodPoint xsi:type="SequencePoint" vc="1" uspid="99" ordinal="0" offset="0" sl="23" sc="9" el="23" ec="10" bec="0" bev="0" fileid="9" />
            </Method>
            <Method visited="true" cyclomaticComplexity="2" nPathComplexity="2" sequenceCoverage="100" branchCoverage="66.67" crapScore="2" isConstructor="false" isStatic="false" isGetter="false" isSetter="false">
              <Summary numSequencePoints="4" visitedSequencePoints="4" numBranchPoints="3" visitedBranchPoints="2" sequenceCoverage="100" branchCoverage="66.67" maxCyclomaticComplexity="2" minCyclomaticComplexity="2" maxCrapScore="2" minCrapScore="2" visitedClasses="0" numClasses="0" visitedMethods="1" numMethods="1" />
              <MetadataToken>100663314</MetadataToken>
              <Name>System.Web.Mvc.ActionResult WebApplication1.Controllers.HomeController::Contact()</Name>
              <FileRef uid="9" />
              <SequencePoints>
                <SequencePoint vc="1" uspid="105" ordinal="0" offset="0" sl="30" sc="9" el="30" ec="10" bec="0" bev="0" fileid="9" />
                <SequencePoint vc="1" uspid="106" ordinal="1" offset="1" sl="31" sc="13" el="31" ec="52" bec="2" bev="1" fileid="9" />
                <SequencePoint vc="1" uspid="107" ordinal="2" offset="99" sl="33" sc="13" el="33" ec="27" bec="0" bev="0" fileid="9" />
                <SequencePoint vc="1" uspid="108" ordinal="3" offset="108" sl="34" sc="9" el="34" ec="10" bec="0" bev="0" fileid="9" />
              </SequencePoints>
              <BranchPoints>
                <BranchPoint vc="0" uspid="109" ordinal="0" offset="6" sl="31" path="0" offsetchain="8" offsetend="67" fileid="9" />
                <BranchPoint vc="1" uspid="110" ordinal="1" offset="6" sl="31" path="1" offsetend="10" fileid="9" />
              </BranchPoints>
              <MethodPoint xsi:type="SequencePoint" vc="1" uspid="105" ordinal="0" offset="0" sl="30" sc="9" el="30" ec="10" bec="0" bev="0" fileid="9" />
            </Method>
            <Method visited="true" cyclomaticComplexity="1" nPathComplexity="0" sequenceCoverage="100" branchCoverage="100" crapScore="1" isConstructor="false" isStatic="false" isGetter="false" isSetter="false">
              <Summary numSequencePoints="3" visitedSequencePoints="3" numBranchPoints="1" visitedBranchPoints="1" sequenceCoverage="100" branchCoverage="100" maxCyclomaticComplexity="1" minCyclomaticComplexity="1" maxCrapScore="1" minCrapScore="1" visitedClasses="0" numClasses="0" visitedMethods="1" numMethods="1" />
              <MetadataToken>100663315</MetadataToken>
              <Name>System.Int32 WebApplication1.Controllers.HomeController::AddNumbers(System.Int32,System.Int32)</Name>
              <FileRef uid="9" />
              <SequencePoints>
                <SequencePoint vc="1" uspid="111" ordinal="0" offset="0" sl="38" sc="9" el="38" ec="10" bec="0" bev="0" fileid="9" />
                <SequencePoint vc="1" uspid="112" ordinal="1" offset="1" sl="39" sc="13" el="39" ec="32" bec="0" bev="0" fileid="9" />
                <SequencePoint vc="1" uspid="113" ordinal="2" offset="7" sl="40" sc="9" el="40" ec="10" bec="0" bev="0" fileid="9" />
              </SequencePoints>
              <BranchPoints />
              <MethodPoint xsi:type="SequencePoint" vc="1" uspid="111" ordinal="0" offset="0" sl="38" sc="9" el="38" ec="10" bec="0" bev="0" fileid="9" />
            </Method>
            <Method visited="false" cyclomaticComplexity="1" nPathComplexity="0" sequenceCoverage="0" branchCoverage="0" crapScore="2" isConstructor="true" isStatic="false" isGetter="false" isSetter="false">
              <Summary numSequencePoints="0" visitedSequencePoints="0" numBranchPoints="0" visitedBranchPoints="0" sequenceCoverage="0" branchCoverage="0" maxCyclomaticComplexity="1" minCyclomaticComplexity="1" maxCrapScore="2" minCrapScore="2" visitedClasses="0" numClasses="0" visitedMethods="0" numMethods="0" />
              <MetadataToken>100663316</MetadataToken>
              <Name>System.Void WebApplication1.Controllers.HomeController::.ctor()</Name>
              <SequencePoints />
              <BranchPoints />
              <MethodPoint vc="0" uspid="114" ordinal="0" offset="0" />
            </Method>
          </Methods>
        </Class>
        <Class>
          <Summary numSequencePoints="0" visitedSequencePoints="0" numBranchPoints="0" visitedBranchPoints="0" sequenceCoverage="0" branchCoverage="0" maxCyclomaticComplexity="0" minCyclomaticComplexity="0" maxCrapScore="0" minCrapScore="0" visitedClasses="0" numClasses="0" visitedMethods="0" numMethods="0" />
          <FullName>WebApplication1.Controllers.HomeController/&lt;&gt;o__0</FullName>
          <Methods />
        </Class>
        <Class>
          <Summary numSequencePoints="0" visitedSequencePoints="0" numBranchPoints="0" visitedBranchPoints="0" sequenceCoverage="0" branchCoverage="0" maxCyclomaticComplexity="0" minCyclomaticComplexity="0" maxCrapScore="0" minCrapScore="0" visitedClasses="0" numClasses="0" visitedMethods="0" numMethods="0" />
          <FullName>WebApplication1.Controllers.HomeController/&lt;&gt;o__1</FullName>
          <Methods />
        </Class>
        <Class>
          <Summary numSequencePoints="0" visitedSequencePoints="0" numBranchPoints="0" visitedBranchPoints="0" sequenceCoverage="0" branchCoverage="0" maxCyclomaticComplexity="0" minCyclomaticComplexity="0" maxCrapScore="0" minCrapScore="0" visitedClasses="0" numClasses="0" visitedMethods="0" numMethods="0" />
          <FullName>WebApplication1.Controllers.HomeController/&lt;&gt;o__2</FullName>
          <Methods />
        </Class>
      </Classes>
    </Module>
    <Module skippedDueTo="Filter" hash="4E-AB-11-E7-42-71-1F-95-AE-AB-2E-BA-B9-70-93-C6-AC-36-11-5F">
      <ModulePath>C:\GitLab-Runner\builds\t8316\personal\lianhengyu\mvc\TestProject1\bin\Debug\net48\System.Web.Mvc.dll</ModulePath>
      <ModuleTime>2022-05-27T23:42:20Z</ModuleTime>
      <ModuleName>System.Web.Mvc</ModuleName>
      <Classes />
    </Module>
    <Module skippedDueTo="MissingPdb" hash="72-41-B4-E3-11-E8-70-C2-BD-3C-96-83-DF-98-4C-B3-48-34-5D-C8">
      <ModulePath>C:\Windows\Microsoft.Net\assembly\GAC_MSIL\Microsoft.CSharp\v4.0_4.0.0.0__b03f5f7f11d50a3a\Microsoft.CSharp.dll</ModulePath>
      <ModuleTime>2023-03-14T18:49:40.5444275Z</ModuleTime>
      <ModuleName>Microsoft.CSharp</ModuleName>
      <Classes />
    </Module>
    <Module skippedDueTo="Filter" hash="48-54-37-50-E9-70-0B-4A-60-F2-D8-BD-47-F5-F2-72-8B-47-30-20">
      <ModulePath>C:\Windows\Microsoft.Net\assembly\GAC_MSIL\System.Dynamic\v4.0_4.0.0.0__b03f5f7f11d50a3a\System.Dynamic.dll</ModulePath>
      <ModuleTime>2023-03-14T18:49:38.1686727Z</ModuleTime>
      <ModuleName>System.Dynamic</ModuleName>
      <Classes />
    </Module>
    <Module skippedDueTo="MissingPdb" hash="">
      <ModulePath>RefEmit_InMemoryManifestModule</ModulePath>
      <ModuleTime>0001-01-01T00:00:00</ModuleTime>
      <ModuleName>Anonymously Hosted DynamicMethods Assembly</ModuleName>
      <Classes />
    </Module>
    <Module skippedDueTo="Filter" hash="14-85-58-F7-32-2D-FE-35-EF-5A-37-01-2D-AD-E7-E8-F8-6F-F4-D2">
      <ModulePath>C:\GitLab-Runner\builds\t8316\personal\lianhengyu\mvc\TestProject1\bin\Debug\net48\System.Web.WebPages.dll</ModulePath>
      <ModuleTime>2022-05-27T23:42:16Z</ModuleTime>
      <ModuleName>System.Web.WebPages</ModuleName>
      <Classes />
    </Module>
    <Module hash="AF-89-FC-43-1B-27-64-3F-22-0C-4F-9E-F5-61-D6-6A-73-0E-DB-83">
      <Summary numSequencePoints="31" visitedSequencePoints="11" numBranchPoints="11" visitedBranchPoints="5" sequenceCoverage="35.48" branchCoverage="45.45" maxCyclomaticComplexity="7" minCyclomaticComplexity="0" maxCrapScore="56" minCrapScore="0" visitedClasses="1" numClasses="5" visitedMethods="3" numMethods="7" />
      <ModulePath>C:\GitLab-Runner\builds\t8316\personal\lianhengyu\mvc\TestProject1\bin\Debug\net48\WebApplication2.dll</ModulePath>
      <ModuleTime>2023-06-20T07:11:44.8056765Z</ModuleTime>
      <ModuleName>WebApplication2</ModuleName>
      <Files>
        <File uid="15" fullPath="C:\GitLab-Runner\builds\t8316\personal\lianhengyu\mvc\WebApplication2\App_Start\BundleConfig.cs" />
        <File uid="16" fullPath="C:\GitLab-Runner\builds\t8316\personal\lianhengyu\mvc\WebApplication2\App_Start\FilterConfig.cs" />
        <File uid="17" fullPath="C:\GitLab-Runner\builds\t8316\personal\lianhengyu\mvc\WebApplication2\App_Start\RouteConfig.cs" />
        <File uid="18" fullPath="C:\GitLab-Runner\builds\t8316\personal\lianhengyu\mvc\WebApplication2\Global.asax.cs" />
        <File uid="19" fullPath="C:\GitLab-Runner\builds\t8316\personal\lianhengyu\mvc\WebApplication2\Controllers\HomeController.cs" />
      </Files>
      <Classes>
        <Class>
          <Summary numSequencePoints="0" visitedSequencePoints="0" numBranchPoints="0" visitedBranchPoints="0" sequenceCoverage="0" branchCoverage="0" maxCyclomaticComplexity="0" minCyclomaticComplexity="0" maxCrapScore="0" minCrapScore="0" visitedClasses="0" numClasses="0" visitedMethods="0" numMethods="0" />
          <FullName>&lt;Module&gt;</FullName>
          <Methods />
        </Class>
        <Class>
          <Summary numSequencePoints="0" visitedSequencePoints="0" numBranchPoints="0" visitedBranchPoints="0" sequenceCoverage="0" branchCoverage="0" maxCyclomaticComplexity="7" minCyclomaticComplexity="1" maxCrapScore="56" minCrapScore="2" visitedClasses="0" numClasses="0" visitedMethods="0" numMethods="0" />
          <FullName>&lt;&gt;f__AnonymousType0`3</FullName>
          <Methods>
            <Method visited="false" cyclomaticComplexity="1" nPathComplexity="0" sequenceCoverage="0" branchCoverage="0" crapScore="2" isConstructor="false" isStatic="false" isGetter="true" isSetter="false">
              <Summary numSequencePoints="0" visitedSequencePoints="0" numBranchPoints="0" visitedBranchPoints="0" sequenceCoverage="0" branchCoverage="0" maxCyclomaticComplexity="1" minCyclomaticComplexity="1" maxCrapScore="2" minCrapScore="2" visitedClasses="0" numClasses="0" visitedMethods="0" numMethods="0" />
              <MetadataToken>100663297</MetadataToken>
              <Name>&lt;controller&gt;j__TPar &lt;&gt;f__AnonymousType0`3::get_controller()</Name>
              <SequencePoints />
              <BranchPoints />
              <MethodPoint vc="0" uspid="115" ordinal="0" offset="0" />
            </Method>
            <Method visited="false" cyclomaticComplexity="1" nPathComplexity="0" sequenceCoverage="0" branchCoverage="0" crapScore="2" isConstructor="false" isStatic="false" isGetter="true" isSetter="false">
              <Summary numSequencePoints="0" visitedSequencePoints="0" numBranchPoints="0" visitedBranchPoints="0" sequenceCoverage="0" branchCoverage="0" maxCyclomaticComplexity="1" minCyclomaticComplexity="1" maxCrapScore="2" minCrapScore="2" visitedClasses="0" numClasses="0" visitedMethods="0" numMethods="0" />
              <MetadataToken>100663298</MetadataToken>
              <Name>&lt;action&gt;j__TPar &lt;&gt;f__AnonymousType0`3::get_action()</Name>
              <SequencePoints />
              <BranchPoints />
              <MethodPoint vc="0" uspid="116" ordinal="0" offset="0" />
            </Method>
            <Method visited="false" cyclomaticComplexity="1" nPathComplexity="0" sequenceCoverage="0" branchCoverage="0" crapScore="2" isConstructor="false" isStatic="false" isGetter="true" isSetter="false">
              <Summary numSequencePoints="0" visitedSequencePoints="0" numBranchPoints="0" visitedBranchPoints="0" sequenceCoverage="0" branchCoverage="0" maxCyclomaticComplexity="1" minCyclomaticComplexity="1" maxCrapScore="2" minCrapScore="2" visitedClasses="0" numClasses="0" visitedMethods="0" numMethods="0" />
              <MetadataToken>100663299</MetadataToken>
              <Name>&lt;id&gt;j__TPar &lt;&gt;f__AnonymousType0`3::get_id()</Name>
              <SequencePoints />
              <BranchPoints />
              <MethodPoint vc="0" uspid="117" ordinal="0" offset="0" />
            </Method>
            <Method visited="false" cyclomaticComplexity="1" nPathComplexity="0" sequenceCoverage="0" branchCoverage="0" crapScore="2" isConstructor="true" isStatic="false" isGetter="false" isSetter="false">
              <Summary numSequencePoints="0" visitedSequencePoints="0" numBranchPoints="0" visitedBranchPoints="0" sequenceCoverage="0" branchCoverage="0" maxCyclomaticComplexity="1" minCyclomaticComplexity="1" maxCrapScore="2" minCrapScore="2" visitedClasses="0" numClasses="0" visitedMethods="0" numMethods="0" />
              <MetadataToken>100663300</MetadataToken>
              <Name>System.Void &lt;&gt;f__AnonymousType0`3::.ctor(&lt;controller&gt;j__TPar,&lt;action&gt;j__TPar,&lt;id&gt;j__TPar)</Name>
              <SequencePoints />
              <BranchPoints />
              <MethodPoint vc="0" uspid="118" ordinal="0" offset="0" />
            </Method>
            <Method visited="false" cyclomaticComplexity="6" nPathComplexity="0" sequenceCoverage="0" branchCoverage="0" crapScore="42" isConstructor="false" isStatic="false" isGetter="false" isSetter="false">
              <Summary numSequencePoints="0" visitedSequencePoints="0" numBranchPoints="0" visitedBranchPoints="0" sequenceCoverage="0" branchCoverage="0" maxCyclomaticComplexity="6" minCyclomaticComplexity="6" maxCrapScore="42" minCrapScore="42" visitedClasses="0" numClasses="0" visitedMethods="0" numMethods="0" />
              <MetadataToken>100663301</MetadataToken>
              <Name>System.Boolean &lt;&gt;f__AnonymousType0`3::Equals(System.Object)</Name>
              <SequencePoints />
              <BranchPoints />
              <MethodPoint vc="0" uspid="119" ordinal="0" offset="0" />
            </Method>
            <Method visited="false" cyclomaticComplexity="1" nPathComplexity="0" sequenceCoverage="0" branchCoverage="0" crapScore="2" isConstructor="false" isStatic="false" isGetter="false" isSetter="false">
              <Summary numSequencePoints="0" visitedSequencePoints="0" numBranchPoints="0" visitedBranchPoints="0" sequenceCoverage="0" branchCoverage="0" maxCyclomaticComplexity="1" minCyclomaticComplexity="1" maxCrapScore="2" minCrapScore="2" visitedClasses="0" numClasses="0" visitedMethods="0" numMethods="0" />
              <MetadataToken>100663302</MetadataToken>
              <Name>System.Int32 &lt;&gt;f__AnonymousType0`3::GetHashCode()</Name>
              <SequencePoints />
              <BranchPoints />
              <MethodPoint vc="0" uspid="120" ordinal="0" offset="0" />
            </Method>
            <Method visited="false" cyclomaticComplexity="7" nPathComplexity="0" sequenceCoverage="0" branchCoverage="0" crapScore="56" isConstructor="false" isStatic="false" isGetter="false" isSetter="false">
              <Summary numSequencePoints="0" visitedSequencePoints="0" numBranchPoints="0" visitedBranchPoints="0" sequenceCoverage="0" branchCoverage="0" maxCyclomaticComplexity="7" minCyclomaticComplexity="7" maxCrapScore="56" minCrapScore="56" visitedClasses="0" numClasses="0" visitedMethods="0" numMethods="0" />
              <MetadataToken>100663303</MetadataToken>
              <Name>System.String &lt;&gt;f__AnonymousType0`3::ToString()</Name>
              <SequencePoints />
              <BranchPoints />
              <MethodPoint vc="0" uspid="121" ordinal="0" offset="0" />
            </Method>
          </Methods>
        </Class>
        <Class>
          <Summary numSequencePoints="7" visitedSequencePoints="0" numBranchPoints="1" visitedBranchPoints="0" sequenceCoverage="0" branchCoverage="0" maxCyclomaticComplexity="1" minCyclomaticComplexity="1" maxCrapScore="2" minCrapScore="2" visitedClasses="0" numClasses="1" visitedMethods="0" numMethods="1" />
          <FullName>WebApplication2.BundleConfig</FullName>
          <Methods>
            <Method visited="false" cyclomaticComplexity="1" nPathComplexity="0" sequenceCoverage="0" branchCoverage="0" crapScore="2" isConstructor="false" isStatic="true" isGetter="false" isSetter="false">
              <Summary numSequencePoints="7" visitedSequencePoints="0" numBranchPoints="1" visitedBranchPoints="0" sequenceCoverage="0" branchCoverage="0" maxCyclomaticComplexity="1" minCyclomaticComplexity="1" maxCrapScore="2" minCrapScore="2" visitedClasses="0" numClasses="0" visitedMethods="0" numMethods="1" />
              <MetadataToken>100663304</MetadataToken>
              <Name>System.Void WebApplication2.BundleConfig::RegisterBundles(System.Web.Optimization.BundleCollection)</Name>
              <FileRef uid="15" />
              <SequencePoints>
                <SequencePoint vc="0" uspid="122" ordinal="0" offset="0" sl="10" sc="9" el="10" ec="10" bec="0" bev="0" fileid="15" />
                <SequencePoint vc="0" uspid="123" ordinal="1" offset="1" sl="11" sc="13" el="12" ec="59" bec="0" bev="0" fileid="15" />
                <SequencePoint vc="0" uspid="124" ordinal="2" offset="33" sl="14" sc="13" el="15" ec="56" bec="0" bev="0" fileid="15" />
                <SequencePoint vc="0" uspid="125" ordinal="3" offset="65" sl="19" sc="13" el="20" ec="51" bec="0" bev="0" fileid="15" />
                <SequencePoint vc="0" uspid="126" ordinal="4" offset="97" sl="22" sc="13" el="23" ec="50" bec="0" bev="0" fileid="15" />
                <SequencePoint vc="0" uspid="127" ordinal="5" offset="129" sl="25" sc="13" el="27" ec="46" bec="0" bev="0" fileid="15" />
                <SequencePoint vc="0" uspid="128" ordinal="6" offset="173" sl="28" sc="9" el="28" ec="10" bec="0" bev="0" fileid="15" />
              </SequencePoints>
              <BranchPoints />
              <MethodPoint xsi:type="SequencePoint" vc="0" uspid="122" ordinal="0" offset="0" sl="10" sc="9" el="10" ec="10" bec="0" bev="0" fileid="15" />
            </Method>
            <Method visited="false" cyclomaticComplexity="1" nPathComplexity="0" sequenceCoverage="0" branchCoverage="0" crapScore="2" isConstructor="true" isStatic="false" isGetter="false" isSetter="false">
              <Summary numSequencePoints="0" visitedSequencePoints="0" numBranchPoints="0" visitedBranchPoints="0" sequenceCoverage="0" branchCoverage="0" maxCyclomaticComplexity="1" minCyclomaticComplexity="1" maxCrapScore="2" minCrapScore="2" visitedClasses="0" numClasses="0" visitedMethods="0" numMethods="0" />
              <MetadataToken>100663305</MetadataToken>
              <Name>System.Void WebApplication2.BundleConfig::.ctor()</Name>
              <SequencePoints />
              <BranchPoints />
              <MethodPoint vc="0" uspid="129" ordinal="0" offset="0" />
            </Method>
          </Methods>
        </Class>
        <Class>
          <Summary numSequencePoints="3" visitedSequencePoints="0" numBranchPoints="1" visitedBranchPoints="0" sequenceCoverage="0" branchCoverage="0" maxCyclomaticComplexity="1" minCyclomaticComplexity="1" maxCrapScore="2" minCrapScore="2" visitedClasses="0" numClasses="1" visitedMethods="0" numMethods="1" />
          <FullName>WebApplication2.FilterConfig</FullName>
          <Methods>
            <Method visited="false" cyclomaticComplexity="1" nPathComplexity="0" sequenceCoverage="0" branchCoverage="0" crapScore="2" isConstructor="false" isStatic="true" isGetter="false" isSetter="false">
              <Summary numSequencePoints="3" visitedSequencePoints="0" numBranchPoints="1" visitedBranchPoints="0" sequenceCoverage="0" branchCoverage="0" maxCyclomaticComplexity="1" minCyclomaticComplexity="1" maxCrapScore="2" minCrapScore="2" visitedClasses="0" numClasses="0" visitedMethods="0" numMethods="1" />
              <MetadataToken>100663306</MetadataToken>
              <Name>System.Void WebApplication2.FilterConfig::RegisterGlobalFilters(System.Web.Mvc.GlobalFilterCollection)</Name>
              <FileRef uid="16" />
              <SequencePoints>
                <SequencePoint vc="0" uspid="130" ordinal="0" offset="0" sl="9" sc="9" el="9" ec="10" bec="0" bev="0" fileid="16" />
                <SequencePoint vc="0" uspid="131" ordinal="1" offset="1" sl="10" sc="13" el="10" ec="53" bec="0" bev="0" fileid="16" />
                <SequencePoint vc="0" uspid="132" ordinal="2" offset="13" sl="11" sc="9" el="11" ec="10" bec="0" bev="0" fileid="16" />
              </SequencePoints>
              <BranchPoints />
              <MethodPoint xsi:type="SequencePoint" vc="0" uspid="130" ordinal="0" offset="0" sl="9" sc="9" el="9" ec="10" bec="0" bev="0" fileid="16" />
            </Method>
            <Method visited="false" cyclomaticComplexity="1" nPathComplexity="0" sequenceCoverage="0" branchCoverage="0" crapScore="2" isConstructor="true" isStatic="false" isGetter="false" isSetter="false">
              <Summary numSequencePoints="0" visitedSequencePoints="0" numBranchPoints="0" visitedBranchPoints="0" sequenceCoverage="0" branchCoverage="0" maxCyclomaticComplexity="1" minCyclomaticComplexity="1" maxCrapScore="2" minCrapScore="2" visitedClasses="0" numClasses="0" visitedMethods="0" numMethods="0" />
              <MetadataToken>100663307</MetadataToken>
              <Name>System.Void WebApplication2.FilterConfig::.ctor()</Name>
              <SequencePoints />
              <BranchPoints />
              <MethodPoint vc="0" uspid="133" ordinal="0" offset="0" />
            </Method>
          </Methods>
        </Class>
        <Class>
          <Summary numSequencePoints="4" visitedSequencePoints="0" numBranchPoints="1" visitedBranchPoints="0" sequenceCoverage="0" branchCoverage="0" maxCyclomaticComplexity="1" minCyclomaticComplexity="1" maxCrapScore="2" minCrapScore="2" visitedClasses="0" numClasses="1" visitedMethods="0" numMethods="1" />
          <FullName>WebApplication2.RouteConfig</FullName>
          <Methods>
            <Method visited="false" cyclomaticComplexity="1" nPathComplexity="0" sequenceCoverage="0" branchCoverage="0" crapScore="2" isConstructor="false" isStatic="true" isGetter="false" isSetter="false">
              <Summary numSequencePoints="4" visitedSequencePoints="0" numBranchPoints="1" visitedBranchPoints="0" sequenceCoverage="0" branchCoverage="0" maxCyclomaticComplexity="1" minCyclomaticComplexity="1" maxCrapScore="2" minCrapScore="2" visitedClasses="0" numClasses="0" visitedMethods="0" numMethods="1" />
              <MetadataToken>100663308</MetadataToken>
              <Name>System.Void WebApplication2.RouteConfig::RegisterRoutes(System.Web.Routing.RouteCollection)</Name>
              <FileRef uid="17" />
              <SequencePoints>
                <SequencePoint vc="0" uspid="134" ordinal="0" offset="0" sl="13" sc="9" el="13" ec="10" bec="0" bev="0" fileid="17" />
                <SequencePoint vc="0" uspid="135" ordinal="1" offset="1" sl="14" sc="13" el="14" ec="62" bec="0" bev="0" fileid="17" />
                <SequencePoint vc="0" uspid="136" ordinal="2" offset="13" sl="16" sc="13" el="20" ec="15" bec="0" bev="0" fileid="17" />
                <SequencePoint vc="0" uspid="137" ordinal="3" offset="50" sl="21" sc="9" el="21" ec="10" bec="0" bev="0" fileid="17" />
              </SequencePoints>
              <BranchPoints />
              <MethodPoint xsi:type="SequencePoint" vc="0" uspid="134" ordinal="0" offset="0" sl="13" sc="9" el="13" ec="10" bec="0" bev="0" fileid="17" />
            </Method>
            <Method visited="false" cyclomaticComplexity="1" nPathComplexity="0" sequenceCoverage="0" branchCoverage="0" crapScore="2" isConstructor="true" isStatic="false" isGetter="false" isSetter="false">
              <Summary numSequencePoints="0" visitedSequencePoints="0" numBranchPoints="0" visitedBranchPoints="0" sequenceCoverage="0" branchCoverage="0" maxCyclomaticComplexity="1" minCyclomaticComplexity="1" maxCrapScore="2" minCrapScore="2" visitedClasses="0" numClasses="0" visitedMethods="0" numMethods="0" />
              <MetadataToken>100663309</MetadataToken>
              <Name>System.Void WebApplication2.RouteConfig::.ctor()</Name>
              <SequencePoints />
              <BranchPoints />
              <MethodPoint vc="0" uspid="138" ordinal="0" offset="0" />
            </Method>
          </Methods>
        </Class>
        <Class>
          <Summary numSequencePoints="6" visitedSequencePoints="0" numBranchPoints="1" visitedBranchPoints="0" sequenceCoverage="0" branchCoverage="0" maxCyclomaticComplexity="1" minCyclomaticComplexity="1" maxCrapScore="2" minCrapScore="2" visitedClasses="0" numClasses="1" visitedMethods="0" numMethods="1" />
          <FullName>WebApplication2.MvcApplication</FullName>
          <Methods>
            <Method visited="false" cyclomaticComplexity="1" nPathComplexity="0" sequenceCoverage="0" branchCoverage="0" crapScore="2" isConstructor="false" isStatic="false" isGetter="false" isSetter="false">
              <Summary numSequencePoints="6" visitedSequencePoints="0" numBranchPoints="1" visitedBranchPoints="0" sequenceCoverage="0" branchCoverage="0" maxCyclomaticComplexity="1" minCyclomaticComplexity="1" maxCrapScore="2" minCrapScore="2" visitedClasses="0" numClasses="0" visitedMethods="0" numMethods="1" />
              <MetadataToken>100663310</MetadataToken>
              <Name>System.Void WebApplication2.MvcApplication::Application_Start()</Name>
              <FileRef uid="18" />
              <SequencePoints>
                <SequencePoint vc="0" uspid="139" ordinal="0" offset="0" sl="14" sc="9" el="14" ec="10" bec="0" bev="0" fileid="18" />
                <SequencePoint vc="0" uspid="140" ordinal="1" offset="1" sl="15" sc="13" el="15" ec="49" bec="0" bev="0" fileid="18" />
                <SequencePoint vc="0" uspid="141" ordinal="2" offset="7" sl="16" sc="13" el="16" ec="71" bec="0" bev="0" fileid="18" />
                <SequencePoint vc="0" uspid="142" ordinal="3" offset="18" sl="17" sc="13" el="17" ec="59" bec="0" bev="0" fileid="18" />
                <SequencePoint vc="0" uspid="143" ordinal="4" offset="29" sl="18" sc="13" el="18" ec="63" bec="0" bev="0" fileid="18" />
                <SequencePoint vc="0" uspid="144" ordinal="5" offset="40" sl="19" sc="9" el="19" ec="10" bec="0" bev="0" fileid="18" />
              </SequencePoints>
              <BranchPoints />
              <MethodPoint xsi:type="SequencePoint" vc="0" uspid="139" ordinal="0" offset="0" sl="14" sc="9" el="14" ec="10" bec="0" bev="0" fileid="18" />
            </Method>
            <Method visited="false" cyclomaticComplexity="1" nPathComplexity="0" sequenceCoverage="0" branchCoverage="0" crapScore="2" isConstructor="true" isStatic="false" isGetter="false" isSetter="false">
              <Summary numSequencePoints="0" visitedSequencePoints="0" numBranchPoints="0" visitedBranchPoints="0" sequenceCoverage="0" branchCoverage="0" maxCyclomaticComplexity="1" minCyclomaticComplexity="1" maxCrapScore="2" minCrapScore="2" visitedClasses="0" numClasses="0" visitedMethods="0" numMethods="0" />
              <MetadataToken>100663311</MetadataToken>
              <Name>System.Void WebApplication2.MvcApplication::.ctor()</Name>
              <SequencePoints />
              <BranchPoints />
              <MethodPoint vc="0" uspid="145" ordinal="0" offset="0" />
            </Method>
          </Methods>
        </Class>
        <Class>
          <Summary numSequencePoints="11" visitedSequencePoints="11" numBranchPoints="7" visitedBranchPoints="5" sequenceCoverage="100" branchCoverage="71.43" maxCyclomaticComplexity="2" minCyclomaticComplexity="1" maxCrapScore="2" minCrapScore="1" visitedClasses="1" numClasses="1" visitedMethods="3" numMethods="3" />
          <FullName>WebApplication2.Controllers.HomeController</FullName>
          <Methods>
            <Method visited="true" cyclomaticComplexity="1" nPathComplexity="0" sequenceCoverage="100" branchCoverage="100" crapScore="1" isConstructor="false" isStatic="false" isGetter="false" isSetter="false">
              <Summary numSequencePoints="3" visitedSequencePoints="3" numBranchPoints="1" visitedBranchPoints="1" sequenceCoverage="100" branchCoverage="100" maxCyclomaticComplexity="1" minCyclomaticComplexity="1" maxCrapScore="1" minCrapScore="1" visitedClasses="0" numClasses="0" visitedMethods="1" numMethods="1" />
              <MetadataToken>100663312</MetadataToken>
              <Name>System.Web.Mvc.ActionResult WebApplication2.Controllers.HomeController::Index()</Name>
              <FileRef uid="19" />
              <SequencePoints>
                <SequencePoint vc="1" uspid="146" ordinal="0" offset="0" sl="12" sc="9" el="12" ec="10" bec="0" bev="0" fileid="19" />
                <SequencePoint vc="1" uspid="147" ordinal="1" offset="1" sl="13" sc="13" el="13" ec="27" bec="0" bev="0" fileid="19" />
                <SequencePoint vc="1" uspid="148" ordinal="2" offset="10" sl="14" sc="9" el="14" ec="10" bec="0" bev="0" fileid="19" />
              </SequencePoints>
              <BranchPoints />
              <MethodPoint xsi:type="SequencePoint" vc="1" uspid="146" ordinal="0" offset="0" sl="12" sc="9" el="12" ec="10" bec="0" bev="0" fileid="19" />
            </Method>
            <Method visited="true" cyclomaticComplexity="2" nPathComplexity="2" sequenceCoverage="100" branchCoverage="66.67" crapScore="2" isConstructor="false" isStatic="false" isGetter="false" isSetter="false">
              <Summary numSequencePoints="4" visitedSequencePoints="4" numBranchPoints="3" visitedBranchPoints="2" sequenceCoverage="100" branchCoverage="66.67" maxCyclomaticComplexity="2" minCyclomaticComplexity="2" maxCrapScore="2" minCrapScore="2" visitedClasses="0" numClasses="0" visitedMethods="1" numMethods="1" />
              <MetadataToken>100663313</MetadataToken>
              <Name>System.Web.Mvc.ActionResult WebApplication2.Controllers.HomeController::About()</Name>
              <FileRef uid="19" />
              <SequencePoints>
                <SequencePoint vc="1" uspid="149" ordinal="0" offset="0" sl="17" sc="9" el="17" ec="10" bec="0" bev="0" fileid="19" />
                <SequencePoint vc="1" uspid="150" ordinal="1" offset="1" sl="18" sc="13" el="18" ec="68" bec="2" bev="1" fileid="19" />
                <SequencePoint vc="1" uspid="151" ordinal="2" offset="99" sl="20" sc="13" el="20" ec="27" bec="0" bev="0" fileid="19" />
                <SequencePoint vc="1" uspid="152" ordinal="3" offset="108" sl="21" sc="9" el="21" ec="10" bec="0" bev="0" fileid="19" />
              </SequencePoints>
              <BranchPoints>
                <BranchPoint vc="0" uspid="153" ordinal="0" offset="6" sl="18" path="0" offsetchain="8" offsetend="67" fileid="19" />
                <BranchPoint vc="1" uspid="154" ordinal="1" offset="6" sl="18" path="1" offsetend="10" fileid="19" />
              </BranchPoints>
              <MethodPoint xsi:type="SequencePoint" vc="1" uspid="149" ordinal="0" offset="0" sl="17" sc="9" el="17" ec="10" bec="0" bev="0" fileid="19" />
            </Method>
            <Method visited="true" cyclomaticComplexity="2" nPathComplexity="2" sequenceCoverage="100" branchCoverage="66.67" crapScore="2" isConstructor="false" isStatic="false" isGetter="false" isSetter="false">
              <Summary numSequencePoints="4" visitedSequencePoints="4" numBranchPoints="3" visitedBranchPoints="2" sequenceCoverage="100" branchCoverage="66.67" maxCyclomaticComplexity="2" minCyclomaticComplexity="2" maxCrapScore="2" minCrapScore="2" visitedClasses="0" numClasses="0" visitedMethods="1" numMethods="1" />
              <MetadataToken>100663314</MetadataToken>
              <Name>System.Web.Mvc.ActionResult WebApplication2.Controllers.HomeController::Contact()</Name>
              <FileRef uid="19" />
              <SequencePoints>
                <SequencePoint vc="1" uspid="155" ordinal="0" offset="0" sl="24" sc="9" el="24" ec="10" bec="0" bev="0" fileid="19" />
                <SequencePoint vc="1" uspid="156" ordinal="1" offset="1" sl="25" sc="13" el="25" ec="52" bec="2" bev="1" fileid="19" />
                <SequencePoint vc="1" uspid="157" ordinal="2" offset="99" sl="27" sc="13" el="27" ec="27" bec="0" bev="0" fileid="19" />
                <SequencePoint vc="1" uspid="158" ordinal="3" offset="108" sl="28" sc="9" el="28" ec="10" bec="0" bev="0" fileid="19" />
              </SequencePoints>
              <BranchPoints>
                <BranchPoint vc="0" uspid="159" ordinal="0" offset="6" sl="25" path="0" offsetchain="8" offsetend="67" fileid="19" />
                <BranchPoint vc="1" uspid="160" ordinal="1" offset="6" sl="25" path="1" offsetend="10" fileid="19" />
              </BranchPoints>
              <MethodPoint xsi:type="SequencePoint" vc="1" uspid="155" ordinal="0" offset="0" sl="24" sc="9" el="24" ec="10" bec="0" bev="0" fileid="19" />
            </Method>
            <Method visited="false" cyclomaticComplexity="1" nPathComplexity="0" sequenceCoverage="0" branchCoverage="0" crapScore="2" isConstructor="true" isStatic="false" isGetter="false" isSetter="false">
              <Summary numSequencePoints="0" visitedSequencePoints="0" numBranchPoints="0" visitedBranchPoints="0" sequenceCoverage="0" branchCoverage="0" maxCyclomaticComplexity="1" minCyclomaticComplexity="1" maxCrapScore="2" minCrapScore="2" visitedClasses="0" numClasses="0" visitedMethods="0" numMethods="0" />
              <MetadataToken>100663315</MetadataToken>
              <Name>System.Void WebApplication2.Controllers.HomeController::.ctor()</Name>
              <SequencePoints />
              <BranchPoints />
              <MethodPoint vc="0" uspid="161" ordinal="0" offset="0" />
            </Method>
          </Methods>
        </Class>
        <Class>
          <Summary numSequencePoints="0" visitedSequencePoints="0" numBranchPoints="0" visitedBranchPoints="0" sequenceCoverage="0" branchCoverage="0" maxCyclomaticComplexity="0" minCyclomaticComplexity="0" maxCrapScore="0" minCrapScore="0" visitedClasses="0" numClasses="0" visitedMethods="0" numMethods="0" />
          <FullName>WebApplication2.Controllers.HomeController/&lt;&gt;o__1</FullName>
          <Methods />
        </Class>
        <Class>
          <Summary numSequencePoints="0" visitedSequencePoints="0" numBranchPoints="0" visitedBranchPoints="0" sequenceCoverage="0" branchCoverage="0" maxCyclomaticComplexity="0" minCyclomaticComplexity="0" maxCrapScore="0" minCrapScore="0" visitedClasses="0" numClasses="0" visitedMethods="0" numMethods="0" />
          <FullName>WebApplication2.Controllers.HomeController/&lt;&gt;o__2</FullName>
          <Methods />
        </Class>
      </Classes>
    </Module>
    <Module skippedDueTo="Filter" hash="F8-D6-D3-A3-F4-CB-71-5E-E5-7B-EA-BC-A1-6F-96-B5-56-EA-14-50">
      <ModulePath>C:\Windows\Microsoft.Net\assembly\GAC_MSIL\System.Core\v4.0_4.0.0.0__b77a5c561934e089\System.Core.dll</ModulePath>
      <ModuleTime>2022-12-14T07:20:36Z</ModuleTime>
      <ModuleName>System.Core</ModuleName>
      <Classes />
    </Module>
  </Modules>
</CoverageSession>